[35m[1mConsolidate compiler generated dependencies of target update_ekf[0m
[ 11%] Built target actual
[ 22%] Built target node2
[ 33%] Built target node1
[ 44%] Built target v
[ 55%] Built target calculation
[ 66%] Built target ground_truth
[ 77%] Built target ekf
[ 88%] Built target node
[ 94%] [32mBuilding CXX object CMakeFiles/update_ekf.dir/src/update_ekf.cpp.o[0m
[01m[K/home/rohit/slam2/src/hello/src/update_ekf.cpp:343:41:[m[K [01;31m[Kerror: [m[Kexpected initializer before â€˜[01m[KQ_[m[Kâ€™
  343 | int main(int argc, char *argv[])        [01;31m[KQ_[m[K << 0.1, 0, 0,
      |                                         [01;31m[K^~[m[K
[01m[K/home/rohit/slam2/src/hello/src/update_ekf.cpp:346:9:[m[K [01;31m[Kerror: [m[Kâ€˜[01m[KR_[m[Kâ€™ does not name a type
  346 |         [01;31m[KR_[m[K << 0.5, 0,
      |         [01;31m[K^~[m[K
[01m[K/home/rohit/slam2/src/hello/src/update_ekf.cpp:348:1:[m[K [01;31m[Kerror: [m[Kexpected unqualified-id before â€˜[01m[K{[m[Kâ€™ token
  348 | [01;31m[K{[m[K
      | [01;31m[K^[m[K
gmake[2]: *** [CMakeFiles/update_ekf.dir/build.make:76: CMakeFiles/update_ekf.dir/src/update_ekf.cpp.o] Error 1
gmake[1]: *** [CMakeFiles/Makefile2:205: CMakeFiles/update_ekf.dir/all] Error 2
gmake: *** [Makefile:146: all] Error 2
