[0.000000] (-) TimerEvent: {}
[0.000158] (hello) JobQueued: {'identifier': 'hello', 'dependencies': OrderedDict()}
[0.000323] (hello) JobStarted: {'identifier': 'hello'}
[0.008717] (hello) JobProgress: {'identifier': 'hello', 'progress': 'cmake'}
[0.009525] (hello) JobProgress: {'identifier': 'hello', 'progress': 'build'}
[0.010137] (hello) Command: {'cmd': ['/usr/bin/cmake', '--build', '/home/rohit/slam2/build/hello', '--', '-j20', '-l20'], 'cwd': '/home/rohit/slam2/build/hello', 'env': OrderedDict([('GJS_DEBUG_TOPICS', 'JS ERROR;JS LOG'), ('LESSOPEN', '| /usr/bin/lesspipe %s'), ('LANGUAGE', 'en_IN:en'), ('USER', 'rohit'), ('XDG_SESSION_TYPE', 'x11'), ('SHLVL', '1'), ('LD_LIBRARY_PATH', '/home/rohit/install/turtlesim/lib:/home/rohit/install/examples_rclcpp_wait_set/lib:/home/rohit/install/examples_rclcpp_minimal_subscriber/lib:/home/rohit/install/examples_rclcpp_minimal_composition/lib:/home/rohit/install/eufs_plugins/lib:/home/rohit/install/eufs_models/lib:/home/rohit/install/eufs_msgs/lib:/home/rohit/2dof/install/custom_interfaces/lib:/usr/lib/x86_64-linux-gnu/gazebo-11/plugins:/opt/ros/humble/opt/rviz_ogre_vendor/lib:/opt/ros/humble/lib/x86_64-linux-gnu:/opt/ros/humble/lib:/usr/share/gazebo/../../lib/x86_64-linux-gnu/gazebo-11/plugins::/usr/share/gazebo/../../lib/x86_64-linux-gnu/gazebo-11/plugins:/usr/share/gazebo/../../lib/x86_64-linux-gnu/gazebo-11/plugins:'), ('HOME', '/home/rohit'), ('OLDPWD', '/home/rohit'), ('DESKTOP_SESSION', 'ubuntu'), ('GIO_LAUNCHED_DESKTOP_FILE', '/usr/share/applications/terminator.desktop'), ('GAZEBO_MASTER_URI', 'http://localhost:11345'), ('ROS_PYTHON_VERSION', '3'), ('GNOME_SHELL_SESSION_MODE', 'ubuntu'), ('GTK_MODULES', 'gail:atk-bridge'), ('MANAGERPID', '2037'), ('SYSTEMD_EXEC_PID', '2391'), ('DBUS_SESSION_BUS_ADDRESS', 'unix:path=/run/user/1000/bus'), ('COLORTERM', 'truecolor'), ('TERMINATOR_DBUS_NAME', 'net.tenshu.Terminator23558193cd9818af7fe4d2c2f5bd9d00f'), ('GIO_LAUNCHED_DESKTOP_FILE_PID', '14179'), ('_colcon_cd_root', '/opt/ros/humble/'), ('COLCON_PREFIX_PATH', '/home/rohit/install:/home/rohit/module2.1/install:/home/rohit/assigndirectory/install:/home/rohit/mynode/install:/home/rohit/robot_arm_ws_dup/install:/home/rohit/2dof/install'), ('ROS_DISTRO', 'humble'), ('GTK_IM_MODULE', 'ibus'), ('LOGNAME', 'rohit'), ('JOURNAL_STREAM', '8:10766'), ('EUFS_MASTER', '/home/rohit/sim/src'), ('_', '/usr/bin/colcon'), ('ROS_VERSION', '2'), ('XDG_SESSION_CLASS', 'user'), ('USERNAME', 'rohit'), ('TERM', 'xterm-256color'), ('GAZEBO_MODEL_PATH', '/usr/share/gazebo/../../share/gazebo-11/models:/usr/share/gazebo/../../share/gazebo-11/models:'), ('GNOME_DESKTOP_SESSION_ID', 'this-is-deprecated'), ('ROS_LOCALHOST_ONLY', '1'), ('WINDOWPATH', '2'), ('OGRE_RESOURCE_PATH', '/usr/lib/x86_64-linux-gnu/OGRE-1.9.0'), ('PATH', '/opt/ros/humble/bin:/usr/local/sbin:/usr/local/bin:/usr/sbin:/usr/bin:/sbin:/bin:/usr/games:/usr/local/games:/snap/bin:/snap/bin'), ('SESSION_MANAGER', 'local/rohit-LOQ-15IRX9:@/tmp/.ICE-unix/2363,unix/rohit-LOQ-15IRX9:/tmp/.ICE-unix/2363'), ('INVOCATION_ID', '20660eb8475f48088dc2f854065555a3'), ('XDG_MENU_PREFIX', 'gnome-'), ('XDG_RUNTIME_DIR', '/run/user/1000'), ('DISPLAY', ':1'), ('TERMINATOR_DBUS_PATH', '/net/tenshu/Terminator2'), ('LANG', 'en_US.UTF-8'), ('XDG_CURRENT_DESKTOP', 'ubuntu:GNOME'), ('IBUS_DISABLE_SNOOPER', '1'), ('XMODIFIERS', '@im=ibus'), ('XDG_SESSION_DESKTOP', 'ubuntu'), ('XAUTHORITY', '/run/user/1000/gdm/Xauthority'), ('LS_COLORS', 'rs=0:di=01;34:ln=01;36:mh=00:pi=40;33:so=01;35:do=01;35:bd=40;33;01:cd=40;33;01:or=40;31;01:mi=00:su=37;41:sg=30;43:ca=30;41:tw=30;42:ow=34;42:st=37;44:ex=01;32:*.tar=01;31:*.tgz=01;31:*.arc=01;31:*.arj=01;31:*.taz=01;31:*.lha=01;31:*.lz4=01;31:*.lzh=01;31:*.lzma=01;31:*.tlz=01;31:*.txz=01;31:*.tzo=01;31:*.t7z=01;31:*.zip=01;31:*.z=01;31:*.dz=01;31:*.gz=01;31:*.lrz=01;31:*.lz=01;31:*.lzo=01;31:*.xz=01;31:*.zst=01;31:*.tzst=01;31:*.bz2=01;31:*.bz=01;31:*.tbz=01;31:*.tbz2=01;31:*.tz=01;31:*.deb=01;31:*.rpm=01;31:*.jar=01;31:*.war=01;31:*.ear=01;31:*.sar=01;31:*.rar=01;31:*.alz=01;31:*.ace=01;31:*.zoo=01;31:*.cpio=01;31:*.7z=01;31:*.rz=01;31:*.cab=01;31:*.wim=01;31:*.swm=01;31:*.dwm=01;31:*.esd=01;31:*.jpg=01;35:*.jpeg=01;35:*.mjpg=01;35:*.mjpeg=01;35:*.gif=01;35:*.bmp=01;35:*.pbm=01;35:*.pgm=01;35:*.ppm=01;35:*.tga=01;35:*.xbm=01;35:*.xpm=01;35:*.tif=01;35:*.tiff=01;35:*.png=01;35:*.svg=01;35:*.svgz=01;35:*.mng=01;35:*.pcx=01;35:*.mov=01;35:*.mpg=01;35:*.mpeg=01;35:*.m2v=01;35:*.mkv=01;35:*.webm=01;35:*.webp=01;35:*.ogm=01;35:*.mp4=01;35:*.m4v=01;35:*.mp4v=01;35:*.vob=01;35:*.qt=01;35:*.nuv=01;35:*.wmv=01;35:*.asf=01;35:*.rm=01;35:*.rmvb=01;35:*.flc=01;35:*.avi=01;35:*.fli=01;35:*.flv=01;35:*.gl=01;35:*.dl=01;35:*.xcf=01;35:*.xwd=01;35:*.yuv=01;35:*.cgm=01;35:*.emf=01;35:*.ogv=01;35:*.ogx=01;35:*.aac=00;36:*.au=00;36:*.flac=00;36:*.m4a=00;36:*.mid=00;36:*.midi=00;36:*.mka=00;36:*.mp3=00;36:*.mpc=00;36:*.ogg=00;36:*.ra=00;36:*.wav=00;36:*.oga=00;36:*.opus=00;36:*.spx=00;36:*.xspf=00;36:'), ('SSH_AGENT_LAUNCHER', 'gnome-keyring'), ('SSH_AUTH_SOCK', '/run/user/1000/keyring/ssh'), ('ROS_DOMAIN_ID', '1'), ('AMENT_PREFIX_PATH', '/home/rohit/install/turtlesim:/home/rohit/install/py_pubsub:/home/rohit/install/package1:/home/rohit/install/pack1:/home/rohit/install/my_package:/home/rohit/install/my_marker_package:/home/rohit/install/launch_testing_examples:/home/rohit/install/examples_rclpy_pointcloud_publisher:/home/rohit/install/examples_rclpy_minimal_subscriber:/home/rohit/install/examples_rclpy_minimal_service:/home/rohit/install/examples_rclpy_minimal_publisher:/home/rohit/install/examples_rclpy_minimal_client:/home/rohit/install/examples_rclpy_minimal_action_server:/home/rohit/install/examples_rclpy_minimal_action_client:/home/rohit/install/examples_rclpy_guard_conditions:/home/rohit/install/examples_rclpy_executors:/home/rohit/install/examples_rclcpp_wait_set:/home/rohit/install/examples_rclcpp_multithreaded_executor:/home/rohit/install/examples_rclcpp_minimal_timer:/home/rohit/install/examples_rclcpp_minimal_subscriber:/home/rohit/install/examples_rclcpp_minimal_service:/home/rohit/install/examples_rclcpp_minimal_publisher:/home/rohit/install/examples_rclcpp_minimal_composition:/home/rohit/install/examples_rclcpp_minimal_client:/home/rohit/install/examples_rclcpp_minimal_action_server:/home/rohit/install/examples_rclcpp_minimal_action_client:/home/rohit/install/examples_rclcpp_cbg_executor:/home/rohit/install/examples_rclcpp_async_client:/home/rohit/install/eufs_launcher:/home/rohit/install/eufs_tracks:/home/rohit/install/eufs_sensors:/home/rohit/install/eufs_rqt:/home/rohit/install/eufs_racecar:/home/rohit/install/eufs_plugins:/home/rohit/install/eufs_models:/home/rohit/install/eufs_msgs:/home/rohit/module2.1/install/services:/home/rohit/module2.1/install/service_package:/home/rohit/module2.1/install/my_marker_package:/home/rohit/module2.1/install/my_client_pkg:/home/rohit/robot_arm_ws_dup/install/robot_arm:/home/rohit/2dof/install/pos:/home/rohit/2dof/install/my_robot:/home/rohit/2dof/install/custom_interfaces:/home/rohit/assigndirectory/install/pack1:/home/rohit/mynode/install/package1:/opt/ros/humble'), ('SHELL', '/bin/bash'), ('TERMINATOR_UUID', 'urn:uuid:88e43f43-08b7-4921-9b9b-14c693852e2b'), ('QT_ACCESSIBILITY', '1'), ('GDMSESSION', 'ubuntu'), ('LESSCLOSE', '/usr/bin/lesspipe %s %s'), ('GPG_AGENT_INFO', '/run/user/1000/gnupg/S.gpg-agent:0:1'), ('GAZEBO_RESOURCE_PATH', '/usr/share/gazebo/../../share/gazebo-11:/usr/share/gazebo/../../share/gazebo-11:'), ('GJS_DEBUG_OUTPUT', 'stderr'), ('GAZEBO_MODEL_DATABASE_URI', 'http://models.gazebosim.org'), ('QT_IM_MODULE', 'ibus'), ('PWD', '/home/rohit/slam2/build/hello'), ('LC_ALL', 'en_US.UTF-8'), ('XDG_CONFIG_DIRS', '/etc/xdg/xdg-ubuntu:/etc/xdg'), ('GAZEBO_PLUGIN_PATH', '/usr/share/gazebo/../../lib/x86_64-linux-gnu/gazebo-11/plugins:/usr/share/gazebo/../../lib/x86_64-linux-gnu/gazebo-11/plugins:'), ('XDG_DATA_DIRS', '/usr/share/ubuntu:/usr/share/gnome:/usr/local/share/:/usr/share/:/var/lib/snapd/desktop'), ('PYTHONPATH', '/home/rohit/install/turtlesim/local/lib/python3.10/dist-packages:/home/rohit/install/py_pubsub/lib/python3.10/site-packages:/home/rohit/install/package1/lib/python3.10/site-packages:/home/rohit/install/pack1/lib/python3.10/site-packages:/home/rohit/install/my_package/lib/python3.10/site-packages:/home/rohit/install/launch_testing_examples/lib/python3.10/site-packages:/home/rohit/install/examples_rclpy_pointcloud_publisher/lib/python3.10/site-packages:/home/rohit/install/examples_rclpy_minimal_subscriber/lib/python3.10/site-packages:/home/rohit/install/examples_rclpy_minimal_service/lib/python3.10/site-packages:/home/rohit/install/examples_rclpy_minimal_publisher/lib/python3.10/site-packages:/home/rohit/install/examples_rclpy_minimal_client/lib/python3.10/site-packages:/home/rohit/install/examples_rclpy_minimal_action_server/lib/python3.10/site-packages:/home/rohit/install/examples_rclpy_minimal_action_client/lib/python3.10/site-packages:/home/rohit/install/examples_rclpy_guard_conditions/lib/python3.10/site-packages:/home/rohit/install/examples_rclpy_executors/lib/python3.10/site-packages:/home/rohit/install/eufs_launcher/lib/python3.10/site-packages:/home/rohit/install/eufs_tracks/lib/python3.10/site-packages:/home/rohit/install/eufs_rqt/lib/python3.10/site-packages:/home/rohit/install/eufs_racecar/lib/python3.10/site-packages:/home/rohit/install/eufs_msgs/local/lib/python3.10/dist-packages:/home/rohit/module2.1/install/service_package/lib/python3.10/site-packages:/home/rohit/module2.1/install/my_client_pkg/lib/python3.10/site-packages:/home/rohit/2dof/install/pos/lib/python3.10/site-packages:/home/rohit/2dof/install/custom_interfaces/local/lib/python3.10/dist-packages:/home/rohit/assigndirectory/install/pack1/lib/python3.10/site-packages:/home/rohit/mynode/install/package1/lib/python3.10/site-packages:/opt/ros/humble/lib/python3.10/site-packages:/opt/ros/humble/local/lib/python3.10/dist-packages'), ('COLCON', '1'), ('VTE_VERSION', '6800'), ('CMAKE_PREFIX_PATH', '/home/rohit/install/turtlesim:/home/rohit/install/my_marker_package:/home/rohit/install/examples_rclcpp_wait_set:/home/rohit/install/examples_rclcpp_multithreaded_executor:/home/rohit/install/examples_rclcpp_minimal_timer:/home/rohit/install/examples_rclcpp_minimal_subscriber:/home/rohit/install/examples_rclcpp_minimal_service:/home/rohit/install/examples_rclcpp_minimal_publisher:/home/rohit/install/examples_rclcpp_minimal_composition:/home/rohit/install/examples_rclcpp_minimal_client:/home/rohit/install/examples_rclcpp_minimal_action_server:/home/rohit/install/examples_rclcpp_minimal_action_client:/home/rohit/install/examples_rclcpp_cbg_executor:/home/rohit/install/examples_rclcpp_async_client:/home/rohit/install/eufs_sensors:/home/rohit/install/eufs_plugins:/home/rohit/install/eufs_models:/home/rohit/install/eufs_msgs:/home/rohit/module2.1/install/services:/home/rohit/module2.1/install/my_marker_package:/home/rohit/robot_arm_ws_dup/install/robot_arm:/home/rohit/2dof/install/my_robot:/home/rohit/2dof/install/custom_interfaces:/home/rohit/install/py_pubsub:/home/rohit/install/package1:/home/rohit/install/pack1:/home/rohit/install/my_package:/home/rohit/install/launch_testing_examples:/home/rohit/install/examples_rclpy_pointcloud_publisher:/home/rohit/install/examples_rclpy_minimal_subscriber:/home/rohit/install/examples_rclpy_minimal_service:/home/rohit/install/examples_rclpy_minimal_publisher:/home/rohit/install/examples_rclpy_minimal_client:/home/rohit/install/examples_rclpy_minimal_action_server:/home/rohit/install/examples_rclpy_minimal_action_client:/home/rohit/install/examples_rclpy_guard_conditions:/home/rohit/install/examples_rclpy_executors:/home/rohit/install/eufs_launcher:/home/rohit/install/eufs_tracks:/home/rohit/install/eufs_rqt:/home/rohit/install/eufs_racecar:/home/rohit/module2.1/install/service_package:/home/rohit/module2.1/install/my_client_pkg:/home/rohit/2dof/install/pos:/home/rohit/assigndirectory/install/pack1:/home/rohit/mynode/install/package1:/opt/ros/humble')]), 'shell': False}
[0.081177] (hello) StdoutLine: {'line': b'-- Found ament_cmake: 1.3.11 (/opt/ros/humble/share/ament_cmake/cmake)\n'}
[0.099478] (-) TimerEvent: {}
[0.199781] (-) TimerEvent: {}
[0.210817] (hello) StdoutLine: {'line': b'-- Found rclcpp: 16.0.11 (/opt/ros/humble/share/rclcpp/cmake)\n'}
[0.246374] (hello) StdoutLine: {'line': b'-- Found rosidl_generator_c: 3.1.6 (/opt/ros/humble/share/rosidl_generator_c/cmake)\n'}
[0.248419] (hello) StdoutLine: {'line': b'-- Found rosidl_adapter: 3.1.6 (/opt/ros/humble/share/rosidl_adapter/cmake)\n'}
[0.253483] (hello) StdoutLine: {'line': b'-- Found rosidl_generator_cpp: 3.1.6 (/opt/ros/humble/share/rosidl_generator_cpp/cmake)\n'}
[0.262474] (hello) StdoutLine: {'line': b'-- Using all available rosidl_typesupport_c: rosidl_typesupport_fastrtps_c;rosidl_typesupport_introspection_c\n'}
[0.273927] (hello) StdoutLine: {'line': b'-- Using all available rosidl_typesupport_cpp: rosidl_typesupport_fastrtps_cpp;rosidl_typesupport_introspection_cpp\n'}
[0.299968] (-) TimerEvent: {}
[0.302059] (hello) StdoutLine: {'line': b'-- Found rmw_implementation_cmake: 6.1.2 (/opt/ros/humble/share/rmw_implementation_cmake/cmake)\n'}
[0.304558] (hello) StdoutLine: {'line': b'-- Found rmw_fastrtps_cpp: 6.2.7 (/opt/ros/humble/share/rmw_fastrtps_cpp/cmake)\n'}
[0.391585] (hello) StdoutLine: {'line': b"-- Using RMW implementation 'rmw_fastrtps_cpp' as default\n"}
[0.400086] (-) TimerEvent: {}
[0.435201] (hello) StdoutLine: {'line': b'-- Found visualization_msgs: 4.2.4 (/opt/ros/humble/share/visualization_msgs/cmake)\n'}
[0.470949] (hello) StdoutLine: {'line': b'-- Found eufs_msgs: 2.0.0 (/home/rohit/install/eufs_msgs/share/eufs_msgs/cmake)\n'}
[0.499859] (hello) StdoutLine: {'line': b'-- Found tf2: 0.25.12 (/opt/ros/humble/share/tf2/cmake)\n'}
[0.500121] (-) TimerEvent: {}
[0.503016] (hello) StdoutLine: {'line': b'-- Found tf2_geometry_msgs: 0.25.12 (/opt/ros/humble/share/tf2_geometry_msgs/cmake)\n'}
[0.505887] (hello) StdoutLine: {'line': b'-- Found eigen3_cmake_module: 0.1.1 (/opt/ros/humble/share/eigen3_cmake_module/cmake)\n'}
[0.506993] (hello) StdoutLine: {'line': b'-- Ensuring Eigen3 include directory is part of orocos-kdl CMake target\n'}
[0.568775] (hello) StdoutLine: {'line': b'-- Found ament_lint_auto: 0.12.11 (/opt/ros/humble/share/ament_lint_auto/cmake)\n'}
[0.600276] (-) TimerEvent: {}
[0.625317] (hello) StdoutLine: {'line': b"-- Added test 'cppcheck' to perform static code analysis on C / C++ code\n"}
[0.625526] (hello) StdoutLine: {'line': b'-- Configured cppcheck include dirs: \n'}
[0.625576] (hello) StdoutLine: {'line': b'-- Configured cppcheck exclude dirs and/or files: \n'}
[0.625864] (hello) StdoutLine: {'line': b"-- Added test 'lint_cmake' to check CMake code style\n"}
[0.626589] (hello) StdoutLine: {'line': b"-- Added test 'uncrustify' to check C / C++ code style\n"}
[0.626663] (hello) StdoutLine: {'line': b'-- Configured uncrustify additional arguments: \n'}
[0.627058] (hello) StdoutLine: {'line': b"-- Added test 'xmllint' to check XML markup files\n"}
[0.627757] (hello) StdoutLine: {'line': b'-- Configuring done\n'}
[0.648579] (hello) StdoutLine: {'line': b'-- Generating done\n'}
[0.655380] (hello) StdoutLine: {'line': b'-- Build files have been written to: /home/rohit/slam2/build/hello\n'}
[0.676596] (hello) StdoutLine: {'line': b'\x1b[35m\x1b[1mConsolidate compiler generated dependencies of target node\x1b[0m\n'}
[0.679379] (hello) StdoutLine: {'line': b'\x1b[35m\x1b[1mConsolidate compiler generated dependencies of target v\x1b[0m\n'}
[0.679498] (hello) StdoutLine: {'line': b'\x1b[35m\x1b[1mConsolidate compiler generated dependencies of target node2\x1b[0m\n'}
[0.679549] (hello) StdoutLine: {'line': b'\x1b[35m\x1b[1mConsolidate compiler generated dependencies of target node1\x1b[0m\n'}
[0.689388] (hello) StdoutLine: {'line': b'[ 10%] \x1b[32mBuilding CXX object CMakeFiles/node.dir/src/node.cpp.o\x1b[0m\n'}
[0.689515] (hello) StdoutLine: {'line': b'[ 20%] \x1b[32mBuilding CXX object CMakeFiles/actual.dir/src/actual.cpp.o\x1b[0m\n'}
[0.690668] (hello) StdoutLine: {'line': b'[ 40%] Built target v\n'}
[0.692408] (hello) StdoutLine: {'line': b'[ 60%] Built target node2\n'}
[0.692489] (hello) StdoutLine: {'line': b'[ 80%] Built target node1\n'}
[0.700362] (-) TimerEvent: {}
[0.800606] (-) TimerEvent: {}
[0.900944] (-) TimerEvent: {}
[1.001299] (-) TimerEvent: {}
[1.101648] (-) TimerEvent: {}
[1.201975] (-) TimerEvent: {}
[1.302260] (-) TimerEvent: {}
[1.402500] (-) TimerEvent: {}
[1.502831] (-) TimerEvent: {}
[1.603164] (-) TimerEvent: {}
[1.703493] (-) TimerEvent: {}
[1.803897] (-) TimerEvent: {}
[1.904242] (-) TimerEvent: {}
[2.004488] (-) TimerEvent: {}
[2.104814] (-) TimerEvent: {}
[2.205132] (-) TimerEvent: {}
[2.253672] (hello) StderrLine: {'line': b'\x1b[01m\x1b[K/home/rohit/slam2/src/hello/src/node.cpp:\x1b[m\x1b[K In constructor \xe2\x80\x98\x1b[01m\x1b[KArrowMarkerSubscriber::ArrowMarkerSubscriber()\x1b[m\x1b[K\xe2\x80\x99:\n'}
[2.253832] (hello) StderrLine: {'line': b'\x1b[01m\x1b[K/home/rohit/slam2/src/hello/src/node.cpp:12:9:\x1b[m\x1b[K \x1b[01;31m\x1b[Kerror: \x1b[m\x1b[K\xe2\x80\x98\x1b[01m\x1b[Kpose_\x1b[m\x1b[K\xe2\x80\x99 was not declared in this scope\n'}
[2.253876] (hello) StderrLine: {'line': b'   12 |         \x1b[01;31m\x1b[Kpose_\x1b[m\x1b[K = {0.0, 0.0, 0.0};\n'}
[2.253906] (hello) StderrLine: {'line': b'      |         \x1b[01;31m\x1b[K^~~~~\x1b[m\x1b[K\n'}
[2.305253] (-) TimerEvent: {}
[2.405593] (-) TimerEvent: {}
[2.505902] (-) TimerEvent: {}
[2.606165] (-) TimerEvent: {}
[2.706391] (-) TimerEvent: {}
[2.806708] (-) TimerEvent: {}
[2.907036] (-) TimerEvent: {}
[3.007293] (-) TimerEvent: {}
[3.107526] (-) TimerEvent: {}
[3.207826] (-) TimerEvent: {}
[3.308161] (-) TimerEvent: {}
[3.408392] (-) TimerEvent: {}
[3.508652] (-) TimerEvent: {}
[3.608914] (-) TimerEvent: {}
[3.709230] (-) TimerEvent: {}
[3.809543] (-) TimerEvent: {}
[3.878162] (hello) StderrLine: {'line': b'gmake[2]: *** [CMakeFiles/node.dir/build.make:76: CMakeFiles/node.dir/src/node.cpp.o] Error 1\n'}
[3.878463] (hello) StderrLine: {'line': b'gmake[1]: *** [CMakeFiles/Makefile2:249: CMakeFiles/node.dir/all] Error 2\n'}
[3.878556] (hello) StderrLine: {'line': b'gmake[1]: *** Waiting for unfinished jobs....\n'}
[3.909752] (-) TimerEvent: {}
[4.010162] (-) TimerEvent: {}
[4.110460] (-) TimerEvent: {}
[4.210856] (-) TimerEvent: {}
[4.311239] (-) TimerEvent: {}
[4.411632] (-) TimerEvent: {}
[4.512027] (-) TimerEvent: {}
[4.612419] (-) TimerEvent: {}
[4.712804] (-) TimerEvent: {}
[4.813191] (-) TimerEvent: {}
[4.913601] (-) TimerEvent: {}
[5.014028] (-) TimerEvent: {}
[5.114448] (-) TimerEvent: {}
[5.214831] (-) TimerEvent: {}
[5.315218] (-) TimerEvent: {}
[5.415633] (-) TimerEvent: {}
[5.516027] (-) TimerEvent: {}
[5.616424] (-) TimerEvent: {}
[5.716806] (-) TimerEvent: {}
[5.817228] (-) TimerEvent: {}
[5.917639] (-) TimerEvent: {}
[6.018049] (-) TimerEvent: {}
[6.118490] (-) TimerEvent: {}
[6.150450] (hello) StdoutLine: {'line': b'[ 90%] \x1b[32m\x1b[1mLinking CXX executable actual\x1b[0m\n'}
[6.218697] (-) TimerEvent: {}
[6.319081] (-) TimerEvent: {}
[6.419480] (-) TimerEvent: {}
[6.455801] (hello) StdoutLine: {'line': b'[ 90%] Built target actual\n'}
[6.456871] (hello) StderrLine: {'line': b'gmake: *** [Makefile:146: all] Error 2\n'}
[6.458991] (hello) CommandEnded: {'returncode': 2}
[6.469555] (hello) JobEnded: {'identifier': 'hello', 'rc': 2}
[6.479910] (-) EventReactorShutdown: {}
