[0.013s] Invoking command in '/home/rohit/slam2/build/hello': CMAKE_PREFIX_PATH=${CMAKE_PREFIX_PATH}:/home/rohit/iitb-racecar/install/racecar:/home/rohit/iitb-racecar/install/point_mass_pkg:/home/rohit/iitb-racecar/install/odom_cmd_pkg:/home/rohit/iitb-racecar/install/dynamic_bicycle_pkg:/home/rohit/ros2_ws/install/launch_testing_examples:/home/rohit/ros2_ws/install/examples_rclpy_pointcloud_publisher:/home/rohit/ros2_ws/install/examples_rclpy_minimal_subscriber:/home/rohit/ros2_ws/install/examples_rclpy_minimal_service:/home/rohit/ros2_ws/install/examples_rclpy_minimal_publisher:/home/rohit/ros2_ws/install/examples_rclpy_minimal_client:/home/rohit/ros2_ws/install/examples_rclpy_minimal_action_server:/home/rohit/ros2_ws/install/examples_rclpy_minimal_action_client:/home/rohit/ros2_ws/install/examples_rclpy_guard_conditions:/home/rohit/ros2_ws/install/examples_rclpy_executors:/home/rohit/install/py_pubsub:/home/rohit/install/package1:/home/rohit/install/pack1:/home/rohit/install/my_package:/home/rohit/install/launch_testing_examples:/home/rohit/install/examples_rclpy_pointcloud_publisher:/home/rohit/install/examples_rclpy_minimal_subscriber:/home/rohit/install/examples_rclpy_minimal_service:/home/rohit/install/examples_rclpy_minimal_publisher:/home/rohit/install/examples_rclpy_minimal_client:/home/rohit/install/examples_rclpy_minimal_action_server:/home/rohit/install/examples_rclpy_minimal_action_client:/home/rohit/install/examples_rclpy_guard_conditions:/home/rohit/install/examples_rclpy_executors:/home/rohit/install/eufs_launcher:/home/rohit/install/eufs_tracks:/home/rohit/install/eufs_rqt:/home/rohit/install/eufs_racecar:/home/rohit/module2.1/install/service_package:/home/rohit/module2.1/install/my_client_pkg:/home/rohit/2dof/install/pos:/home/rohit/assigndirectory/install/pack1:/home/rohit/mynode/install/package1:/opt/ros/humble /usr/bin/cmake --build /home/rohit/slam2/build/hello -- -j20 -l20
[0.077s] [ 18%] Built target v
[0.077s] [ 25%] Built target node
[0.080s] [ 43%] [32mBuilding CXX object CMakeFiles/ekf.dir/src/ekf.cpp.o[0m
[0.080s] [ 50%] Built target node2
[0.080s] [ 56%] Built target calculation
[0.081s] [ 68%] Built target ground_truth
[0.082s] [ 81%] Built target actual
[0.082s] [ 93%] Built target node1
[2.001s] [01m[K/home/rohit/slam2/src/hello/src/ekf.cpp:[m[K In constructor â€˜[01m[KGlobalRacetrackMapper::GlobalRacetrackMapper()[m[Kâ€™:
[2.001s] [01m[K/home/rohit/slam2/src/hello/src/ekf.cpp:27:9:[m[K [01;31m[Kerror: [m[Kâ€˜[01m[Kx_hat_[m[Kâ€™ was not declared in this scope
[2.001s]    27 |         [01;31m[Kx_hat_[m[K.setZero();             // [x, y, Î¸]
[2.001s]       |         [01;31m[K^~~~~~[m[K
[2.004s] [01m[K/home/rohit/slam2/src/hello/src/ekf.cpp:28:9:[m[K [01;31m[Kerror: [m[Kâ€˜[01m[KP_[m[Kâ€™ was not declared in this scope
[2.005s]    28 |         [01;31m[KP_[m[K = Mat3::Identity() * 1e2;  // initial large uncertainty
[2.005s]       |         [01;31m[K^~[m[K
[2.005s] [01m[K/home/rohit/slam2/src/hello/src/ekf.cpp:28:14:[m[K [01;31m[Kerror: [m[Kâ€˜[01m[KMat3[m[Kâ€™ has not been declared
[2.005s]    28 |         P_ = [01;31m[KMat3[m[K::Identity() * 1e2;  // initial large uncertainty
[2.005s]       |              [01;31m[K^~~~[m[K
[2.008s] [01m[K/home/rohit/slam2/src/hello/src/ekf.cpp:29:9:[m[K [01;31m[Kerror: [m[Kâ€˜[01m[KQ_[m[Kâ€™ was not declared in this scope
[2.008s]    29 |         [01;31m[KQ_[m[K = Mat3::Identity() * 1e-3; // small process noise
[2.008s]       |         [01;31m[K^~[m[K
[2.008s] [01m[K/home/rohit/slam2/src/hello/src/ekf.cpp:29:14:[m[K [01;31m[Kerror: [m[Kâ€˜[01m[KMat3[m[Kâ€™ has not been declared
[2.008s]    29 |         Q_ = [01;31m[KMat3[m[K::Identity() * 1e-3; // small process noise
[2.008s]       |              [01;31m[K^~~~[m[K
[2.011s] [01m[K/home/rohit/slam2/src/hello/src/ekf.cpp:31:9:[m[K [01;31m[Kerror: [m[Kâ€˜[01m[KR_[m[Kâ€™ was not declared in this scope
[2.011s]    31 |         [01;31m[KR_[m[K = (Eigen::Matrix2d() << 0.2 * 0.2, 0, 0, (5 * M_PI / 180) * (5 * M_PI / 180)).finished();
[2.011s]       |         [01;31m[K^~[m[K
[2.025s] [01m[K/home/rohit/slam2/src/hello/src/ekf.cpp:[m[K In member function â€˜[01m[Kvoid GlobalRacetrackMapper::onPose(geometry_msgs::msg::Pose2D_<std::allocator<void> >::SharedPtr)[m[Kâ€™:
[2.025s] [01m[K/home/rohit/slam2/src/hello/src/ekf.cpp:45:9:[m[K [01;31m[Kerror: [m[Kâ€˜[01m[KVec3[m[Kâ€™ was not declared in this scope
[2.025s]    45 |         [01;31m[KVec3[m[K z(m->x, m->y, m->theta); // input from /robot_pose_2d
[2.025s]       |         [01;31m[K^~~~[m[K
[2.029s] [01m[K/home/rohit/slam2/src/hello/src/ekf.cpp:46:9:[m[K [01;31m[Kerror: [m[Kâ€˜[01m[Kx_hat_[m[Kâ€™ was not declared in this scope
[2.029s]    46 |         [01;31m[Kx_hat_[m[K = z;                   // linear model F=I
[2.029s]       |         [01;31m[K^~~~~~[m[K
[2.032s] [01m[K/home/rohit/slam2/src/hello/src/ekf.cpp:46:18:[m[K [01;31m[Kerror: [m[Kâ€˜[01m[Kz[m[Kâ€™ was not declared in this scope
[2.032s]    46 |         x_hat_ = [01;31m[Kz[m[K;                   // linear model F=I
[2.032s]       |                  [01;31m[K^[m[K
[2.035s] [01m[K/home/rohit/slam2/src/hello/src/ekf.cpp:47:9:[m[K [01;31m[Kerror: [m[Kâ€˜[01m[KP_[m[Kâ€™ was not declared in this scope
[2.035s]    47 |         [01;31m[KP_[m[K += Q_;                     // P = P + Q
[2.035s]       |         [01;31m[K^~[m[K
[2.038s] [01m[K/home/rohit/slam2/src/hello/src/ekf.cpp:47:15:[m[K [01;31m[Kerror: [m[Kâ€˜[01m[KQ_[m[Kâ€™ was not declared in this scope
[2.038s]    47 |         P_ += [01;31m[KQ_[m[K;                     // P = P + Q
[2.038s]       |               [01;31m[K^~[m[K
[2.043s] [01m[K/home/rohit/slam2/src/hello/src/ekf.cpp:49:9:[m[K [01;31m[Kerror: [m[Kâ€˜[01m[KpublishMarker[m[Kâ€™ was not declared in this scope
[2.044s]    49 |         [01;31m[KpublishMarker[m[K(); // visualize predicted marker
[2.044s]       |         [01;31m[K^~~~~~~~~~~~~[m[K
[2.044s] [01m[K/home/rohit/slam2/src/hello/src/ekf.cpp:42:61:[m[K [01;35m[Kwarning: [m[Kunused parameter â€˜[01m[Km[m[Kâ€™ [[01;35m[K]8;;https://gcc.gnu.org/onlinedocs/gcc/Warning-Options.html#index-Wunused-parameter-Wunused-parameter]8;;[m[K]
[2.044s]    42 |     void onPose([01;35m[Kconst geometry_msgs::msg::Pose2D::SharedPtr m[m[K)
[2.044s]       |                 [01;35m[K~~~~~~~~~~~~~~~~~~~~~~~~~~~~~~~~~~~~~~~~~~~~^[m[K
[4.220s] gmake[2]: *** [CMakeFiles/ekf.dir/build.make:76: CMakeFiles/ekf.dir/src/ekf.cpp.o] Error 1
[4.221s] gmake[1]: *** [CMakeFiles/Makefile2:255: CMakeFiles/ekf.dir/all] Error 2
[4.221s] gmake: *** [Makefile:146: all] Error 2
[4.224s] Invoked command in '/home/rohit/slam2/build/hello' returned '2': CMAKE_PREFIX_PATH=${CMAKE_PREFIX_PATH}:/home/rohit/iitb-racecar/install/racecar:/home/rohit/iitb-racecar/install/point_mass_pkg:/home/rohit/iitb-racecar/install/odom_cmd_pkg:/home/rohit/iitb-racecar/install/dynamic_bicycle_pkg:/home/rohit/ros2_ws/install/launch_testing_examples:/home/rohit/ros2_ws/install/examples_rclpy_pointcloud_publisher:/home/rohit/ros2_ws/install/examples_rclpy_minimal_subscriber:/home/rohit/ros2_ws/install/examples_rclpy_minimal_service:/home/rohit/ros2_ws/install/examples_rclpy_minimal_publisher:/home/rohit/ros2_ws/install/examples_rclpy_minimal_client:/home/rohit/ros2_ws/install/examples_rclpy_minimal_action_server:/home/rohit/ros2_ws/install/examples_rclpy_minimal_action_client:/home/rohit/ros2_ws/install/examples_rclpy_guard_conditions:/home/rohit/ros2_ws/install/examples_rclpy_executors:/home/rohit/install/py_pubsub:/home/rohit/install/package1:/home/rohit/install/pack1:/home/rohit/install/my_package:/home/rohit/install/launch_testing_examples:/home/rohit/install/examples_rclpy_pointcloud_publisher:/home/rohit/install/examples_rclpy_minimal_subscriber:/home/rohit/install/examples_rclpy_minimal_service:/home/rohit/install/examples_rclpy_minimal_publisher:/home/rohit/install/examples_rclpy_minimal_client:/home/rohit/install/examples_rclpy_minimal_action_server:/home/rohit/install/examples_rclpy_minimal_action_client:/home/rohit/install/examples_rclpy_guard_conditions:/home/rohit/install/examples_rclpy_executors:/home/rohit/install/eufs_launcher:/home/rohit/install/eufs_tracks:/home/rohit/install/eufs_rqt:/home/rohit/install/eufs_racecar:/home/rohit/module2.1/install/service_package:/home/rohit/module2.1/install/my_client_pkg:/home/rohit/2dof/install/pos:/home/rohit/assigndirectory/install/pack1:/home/rohit/mynode/install/package1:/opt/ros/humble /usr/bin/cmake --build /home/rohit/slam2/build/hello -- -j20 -l20
