[35m[1mConsolidate compiler generated dependencies of target node1[0m
[ 14%] Built target node
[ 28%] Built target calculation
[ 42%] Built target v
[ 57%] Built target node2
[ 71%] Built target ground_truth
[ 85%] Built target actual
[ 92%] [32mBuilding CXX object CMakeFiles/node1.dir/src/node1.cpp.o[0m
[01m[K/home/rohit/slam2/src/hello/src/node1.cpp:[m[K In member function â€˜[01m[Kvoid VelocityEstimator::callback(eufs_msgs::msg::WheelSpeedsStamped_<std::allocator<void> >::SharedPtr)[m[Kâ€™:
[01m[K/home/rohit/slam2/src/hello/src/node1.cpp:39:5:[m[K [01;31m[Kerror: [m[Kâ€˜[01m[Kvel_pub_[m[Kâ€™ was not declared in this scope
   39 |     [01;31m[Kvel_pub_[m[K->publish(vel_msg);
      |     [01;31m[K^~~~~~~~[m[K
gmake[2]: *** [CMakeFiles/node1.dir/build.make:76: CMakeFiles/node1.dir/src/node1.cpp.o] Error 1
gmake[1]: *** [CMakeFiles/Makefile2:149: CMakeFiles/node1.dir/all] Error 2
gmake: *** [Makefile:146: all] Error 2
