<?xml version="1.0" encoding="UTF-8"?>
<Site BuildName="(empty)"
	BuildStamp="20250729-0822-Experimental"
	Name="rohit-LOQ-15IRX9"
	Generator="ctest-3.22.1"
	CompilerName="/usr/bin/g++"
	CompilerVersion="11.4.0"
	OSName="Linux"
	Hostname="rohit-LOQ-15IRX9"
	OSRelease="6.8.0-64-generic"
	OSVersion="#67~22.04.1-Ubuntu SMP PREEMPT_DYNAMIC Tue Jun 24 15:19:46 UTC 2"
	OSPlatform="x86_64"
	Is64Bits="1"
	VendorString="GenuineIntel"
	VendorID="Intel Corporation"
	FamilyID="6"
	ModelID="183"
	ProcessorCacheSize="24576"
	NumberOfLogicalCPU="20"
	NumberOfPhysicalCPU="14"
	TotalVirtualMemory="0"
	TotalPhysicalMemory="23737"
	LogicalProcessorsPerPhysical="1"
	ProcessorClockFrequency="1900.29"
	>
	<Testing>
		<StartDateTime>Jul 29 13:52 IST</StartDateTime>
		<StartTestTime>1753777374</StartTestTime>
		<TestList/>
		<EndDateTime>Jul 29 13:52 IST</EndDateTime>
		<EndTestTime>1753777374</EndTestTime>
		<ElapsedMinutes>0</ElapsedMinutes>
	</Testing>
</Site>
