-- Found ament_cmake: 1.3.11 (/opt/ros/humble/share/ament_cmake/cmake)
-- Override CMake install command with custom implementation using symlinks instead of copying resources
-- Found rclcpp: 16.0.11 (/opt/ros/humble/share/rclcpp/cmake)
-- Found rosidl_generator_c: 3.1.6 (/opt/ros/humble/share/rosidl_generator_c/cmake)
-- Found rosidl_adapter: 3.1.6 (/opt/ros/humble/share/rosidl_adapter/cmake)
-- Found rosidl_generator_cpp: 3.1.6 (/opt/ros/humble/share/rosidl_generator_cpp/cmake)
-- Using all available rosidl_typesupport_c: rosidl_typesupport_fastrtps_c;rosidl_typesupport_introspection_c
-- Using all available rosidl_typesupport_cpp: rosidl_typesupport_fastrtps_cpp;rosidl_typesupport_introspection_cpp
-- Found rmw_implementation_cmake: 6.1.2 (/opt/ros/humble/share/rmw_implementation_cmake/cmake)
-- Found rmw_fastrtps_cpp: 6.2.7 (/opt/ros/humble/share/rmw_fastrtps_cpp/cmake)
-- Using RMW implementation 'rmw_fastrtps_cpp' as default
-- Found visualization_msgs: 4.2.4 (/opt/ros/humble/share/visualization_msgs/cmake)
-- Found eufs_msgs: 2.0.0 (/home/rohit/install/eufs_msgs/share/eufs_msgs/cmake)
-- Found tf2: 0.25.12 (/opt/ros/humble/share/tf2/cmake)
-- Found tf2_geometry_msgs: 0.25.12 (/opt/ros/humble/share/tf2_geometry_msgs/cmake)
-- Found eigen3_cmake_module: 0.1.1 (/opt/ros/humble/share/eigen3_cmake_module/cmake)
-- Ensuring Eigen3 include directory is part of orocos-kdl CMake target
-- Found ament_lint_auto: 0.12.11 (/opt/ros/humble/share/ament_lint_auto/cmake)
-- Added test 'cppcheck' to perform static code analysis on C / C++ code
-- Configured cppcheck include dirs: 
-- Configured cppcheck exclude dirs and/or files: 
-- Added test 'lint_cmake' to check CMake code style
-- Added test 'uncrustify' to check C / C++ code style
-- Configured uncrustify additional arguments: 
-- Added test 'xmllint' to check XML markup files
-- Configuring done
-- Generating done
-- Build files have been written to: /home/rohit/slam2/build/hello
[35m[1mConsolidate compiler generated dependencies of target v[0m
[35m[1mConsolidate compiler generated dependencies of target node2[0m
[35m[1mConsolidate compiler generated dependencies of target actual[0m
[35m[1mConsolidate compiler generated dependencies of target node[0m
[35m[1mConsolidate compiler generated dependencies of target node1[0m
[35m[1mConsolidate compiler generated dependencies of target calculation[0m
[ 16%] Built target actual
[ 33%] Built target v
[ 50%] Built target node
[ 66%] Built target node2
[ 75%] [32mBuilding CXX object CMakeFiles/calculation.dir/src/calculation.cpp.o[0m
[ 91%] Built target node1
[01m[K/home/rohit/slam2/src/hello/src/calculation.cpp:47:28:[m[K [01;31m[Kerror: [m[Kâ€˜[01m[Ksensor_msgs[m[Kâ€™ does not name a type
   47 |     void imuCallback(const [01;31m[Ksensor_msgs[m[K::msg::Imu::SharedPtr msg) {
      |                            [01;31m[K^~~~~~~~~~~[m[K
[01m[K/home/rohit/slam2/src/hello/src/calculation.cpp:47:44:[m[K [01;31m[Kerror: [m[Kexpected unqualified-id before â€˜[01m[K::[m[Kâ€™ token
   47 |     void imuCallback(const sensor_msgs::msg[01;31m[K::[m[KImu::SharedPtr msg) {
      |                                            [01;31m[K^~[m[K
[01m[K/home/rohit/slam2/src/hello/src/calculation.cpp:47:44:[m[K [01;31m[Kerror: [m[Kexpected â€˜[01m[K)[m[Kâ€™ before â€˜[01m[K::[m[Kâ€™ token
   47 |     void imuCallback[34m[K([m[Kconst sensor_msgs::msg[01;31m[K:[m[K[32m[K:[m[KImu::SharedPtr msg) {
      |                     [34m[K~[m[K                      [01;31m[K^[m[K[32m[K~[m[K
      |                                            [32m[K)[m[K
[01m[K/home/rohit/slam2/src/hello/src/calculation.cpp:47:41:[m[K [01;31m[Kerror: [m[Kexpected â€˜[01m[K;[m[Kâ€™ at end of member declaration
   47 |     void imuCallback(const sensor_msgs::[01;31m[Kmsg[m[K::Imu::SharedPtr msg) {
      |                                         [01;31m[K^~~[m[K
      |                                            [32m[K;[m[K
[01m[K/home/rohit/slam2/src/hello/src/calculation.cpp:47:46:[m[K [01;31m[Kerror: [m[Kâ€˜[01m[KImu[m[Kâ€™ in namespace â€˜[01m[K::[m[Kâ€™ does not name a type
   47 |     void imuCallback(const sensor_msgs::msg::[01;31m[KImu[m[K::SharedPtr msg) {
      |                                              [01;31m[K^~~[m[K
[01m[K/home/rohit/slam2/src/hello/src/calculation.cpp:56:26:[m[K [01;31m[Kerror: [m[Kâ€˜[01m[Ksensor_msgs[m[Kâ€™ was not declared in this scope
   56 |     rclcpp::Subscription<[01;31m[Ksensor_msgs[m[K::msg::Imu>::SharedPtr imu_sub_;
      |                          [01;31m[K^~~~~~~~~~~[m[K
[01m[K/home/rohit/slam2/src/hello/src/calculation.cpp:56:47:[m[K [01;31m[Kerror: [m[Ktemplate argument 1 is invalid
   56 |     rclcpp::Subscription<sensor_msgs::msg::Imu[01;31m[K>[m[K::SharedPtr imu_sub_;
      |                                               [01;31m[K^[m[K
[01m[K/home/rohit/slam2/src/hello/src/calculation.cpp:56:47:[m[K [01;31m[Kerror: [m[Ktemplate argument 3 is invalid
[01m[K/home/rohit/slam2/src/hello/src/calculation.cpp:56:47:[m[K [01;31m[Kerror: [m[Ktemplate argument 4 is invalid
[01m[K/home/rohit/slam2/src/hello/src/calculation.cpp:56:47:[m[K [01;31m[Kerror: [m[Ktemplate argument 5 is invalid
[01m[K/home/rohit/slam2/src/hello/src/calculation.cpp:56:50:[m[K [01;31m[Kerror: [m[Kexpected â€˜[01m[K;[m[Kâ€™ at end of member declaration
   56 |     rclcpp::Subscription<sensor_msgs::msg::Imu>::[01;31m[KSharedPtr[m[K imu_sub_;
      |                                                  [01;31m[K^~~~~~~~~[m[K
      |                                                           [32m[K;[m[K
[01m[K/home/rohit/slam2/src/hello/src/calculation.cpp:56:60:[m[K [01;31m[Kerror: [m[Kâ€˜[01m[Kimu_sub_[m[Kâ€™ does not name a type
   56 |     rclcpp::Subscription<sensor_msgs::msg::Imu>::SharedPtr [01;31m[Kimu_sub_[m[K;
      |                                                            [01;31m[K^~~~~~~~[m[K
[01m[K/home/rohit/slam2/src/hello/src/calculation.cpp:[m[K In constructor â€˜[01m[KWheelSpeedToVelocity::WheelSpeedToVelocity()[m[Kâ€™:
[01m[K/home/rohit/slam2/src/hello/src/calculation.cpp:14:9:[m[K [01;31m[Kerror: [m[Kâ€˜[01m[Kimu_sub_[m[Kâ€™ was not declared in this scope
   14 |         [01;31m[Kimu_sub_[m[K = this->create_subscription<sensor_msgs::msg::Imu>(
      |         [01;31m[K^~~~~~~~[m[K
[01m[K/home/rohit/slam2/src/hello/src/calculation.cpp:14:46:[m[K [01;31m[Kerror: [m[Kâ€˜[01m[Ksensor_msgs[m[Kâ€™ was not declared in this scope
   14 |         imu_sub_ = this->create_subscription<[01;31m[Ksensor_msgs[m[K::msg::Imu>(
      |                                              [01;31m[K^~~~~~~~~~~[m[K
[01m[K/home/rohit/slam2/src/hello/src/calculation.cpp:14:26:[m[K [01;31m[Kerror: [m[Kparse error in template argument list
   14 |         imu_sub_ = this->[01;31m[Kcreate_subscription<sensor_msgs::msg::Imu>[m[K(
      |                          [01;31m[K^~~~~~~~~~~~~~~~~~~~~~~~~~~~~~~~~~~~~~~~~~[m[K
[01m[K/home/rohit/slam2/src/hello/src/calculation.cpp:16:24:[m[K [01;31m[Kerror: [m[Kâ€˜[01m[KImuSubscriberNode[m[Kâ€™ has not been declared
   16 |             std::bind(&[01;31m[KImuSubscriberNode[m[K::imuCallback, this, std::placeholders::_1));
      |                        [01;31m[K^~~~~~~~~~~~~~~~~[m[K
gmake[2]: *** [CMakeFiles/calculation.dir/build.make:76: CMakeFiles/calculation.dir/src/calculation.cpp.o] Error 1
gmake[1]: *** [CMakeFiles/Makefile2:199: CMakeFiles/calculation.dir/all] Error 2
gmake: *** [Makefile:146: all] Error 2
