[01m[K/home/rohit/slam2/src/hello/src/update_ekf.cpp:[m[K In member function â€˜[01m[Kvoid EKFLocalizer::update(const std::vector<geometry_msgs::msg::Pose_<std::allocator<void> >, std::allocator<geometry_msgs::msg::Pose_<std::allocator<void> > > >&)[m[Kâ€™:
[01m[K/home/rohit/slam2/src/hello/src/update_ekf.cpp:153:9:[m[K [01;31m[Kerror: [m[Kâ€˜[01m[Knormalize_angle[m[Kâ€™ was not declared in this scope; did you mean â€˜[01m[KnormalizeAngle[m[Kâ€™?
  153 |         [01;31m[Knormalize_angle[m[K(std::atan2(dy,dx) - x_(2)));
      |         [01;31m[K^~~~~~~~~~~~~~~[m[K
      |         [32m[KnormalizeAngle[m[K
gmake[2]: *** [CMakeFiles/update_ekf.dir/build.make:76: CMakeFiles/update_ekf.dir/src/update_ekf.cpp.o] Error 1
gmake[1]: *** [CMakeFiles/Makefile2:205: CMakeFiles/update_ekf.dir/all] Error 2
gmake: *** [Makefile:146: all] Error 2
