[01m[K/home/rohit/slam2/src/hello/src/node.cpp:[m[K In constructor â€˜[01m[KArrowMarkerSubscriber::ArrowMarkerSubscriber()[m[Kâ€™:
[01m[K/home/rohit/slam2/src/hello/src/node.cpp:12:9:[m[K [01;31m[Kerror: [m[Kâ€˜[01m[Kpose_[m[Kâ€™ was not declared in this scope
   12 |         [01;31m[Kpose_[m[K = {0.0, 0.0, 0.0};
      |         [01;31m[K^~~~~[m[K
gmake[2]: *** [CMakeFiles/node.dir/build.make:76: CMakeFiles/node.dir/src/node.cpp.o] Error 1
gmake[1]: *** [CMakeFiles/Makefile2:249: CMakeFiles/node.dir/all] Error 2
gmake[1]: *** Waiting for unfinished jobs....
gmake: *** [Makefile:146: all] Error 2
