[0.011s] Invoking command in '/home/rohit/slam2/build/hello': /usr/bin/cmake --build /home/rohit/slam2/build/hello -- -j20 -l20
[0.037s] -- Found ament_cmake: 1.3.11 (/opt/ros/humble/share/ament_cmake/cmake)
[0.153s] -- Override CMake install command with custom implementation using symlinks instead of copying resources
[0.157s] -- Found rclcpp: 16.0.11 (/opt/ros/humble/share/rclcpp/cmake)
[0.177s] -- Found rosidl_generator_c: 3.1.6 (/opt/ros/humble/share/rosidl_generator_c/cmake)
[0.178s] -- Found rosidl_adapter: 3.1.6 (/opt/ros/humble/share/rosidl_adapter/cmake)
[0.182s] -- Found rosidl_generator_cpp: 3.1.6 (/opt/ros/humble/share/rosidl_generator_cpp/cmake)
[0.190s] -- Using all available rosidl_typesupport_c: rosidl_typesupport_fastrtps_c;rosidl_typesupport_introspection_c
[0.200s] -- Using all available rosidl_typesupport_cpp: rosidl_typesupport_fastrtps_cpp;rosidl_typesupport_introspection_cpp
[0.223s] -- Found rmw_implementation_cmake: 6.1.2 (/opt/ros/humble/share/rmw_implementation_cmake/cmake)
[0.226s] -- Found rmw_fastrtps_cpp: 6.2.7 (/opt/ros/humble/share/rmw_fastrtps_cpp/cmake)
[0.323s] -- Using RMW implementation 'rmw_fastrtps_cpp' as default
[0.355s] -- Found visualization_msgs: 4.2.4 (/opt/ros/humble/share/visualization_msgs/cmake)
[0.386s] -- Found eufs_msgs: 2.0.0 (/home/rohit/install/eufs_msgs/share/eufs_msgs/cmake)
[0.411s] -- Found tf2: 0.25.12 (/opt/ros/humble/share/tf2/cmake)
[0.413s] -- Found tf2_geometry_msgs: 0.25.12 (/opt/ros/humble/share/tf2_geometry_msgs/cmake)
[0.416s] -- Found eigen3_cmake_module: 0.1.1 (/opt/ros/humble/share/eigen3_cmake_module/cmake)
[0.416s] -- Ensuring Eigen3 include directory is part of orocos-kdl CMake target
[0.499s] -- Found ament_lint_auto: 0.12.11 (/opt/ros/humble/share/ament_lint_auto/cmake)
[0.548s] Error parsing '/home/rohit/slam2/src/hello/package.xml':
[0.585s] Traceback (most recent call last):
[0.585s]   File "/opt/ros/humble/share/ament_cmake_core/cmake/core/package_xml_2_cmake.py", line 150, in <module>
[0.585s]     main()
[0.585s]   File "/opt/ros/humble/share/ament_cmake_core/cmake/core/package_xml_2_cmake.py", line 53, in main
[0.585s]     raise e
[0.585s]   File "/opt/ros/humble/share/ament_cmake_core/cmake/core/package_xml_2_cmake.py", line 49, in main
[0.585s]     package = parse_package_string(
[0.585s]   File "/usr/lib/python3/dist-packages/catkin_pkg/package.py", line 786, in parse_package_string
[0.585s]     raise InvalidPackage('Error(s):%s' % (''.join(['\n- %s' % e for e in errors])), filename)
[0.586s] catkin_pkg.package.InvalidPackage: Error(s) in package '/home/rohit/slam2/src/hello/package.xml':
[0.586s] Error(s):
[0.586s] - The generic dependency on 'std_msgs' is redundant with: build_depend, build_export_depend, exec_depend
[0.594s] [31mCMake Error at /opt/ros/humble/share/ament_cmake_core/cmake/core/ament_package_xml.cmake:95 (message):
[0.594s]   execute_process(/usr/bin/python3
[0.594s]   /opt/ros/humble/share/ament_cmake_core/cmake/core/package_xml_2_cmake.py
[0.594s]   /home/rohit/slam2/src/hello/package.xml
[0.594s]   /home/rohit/slam2/build/hello/ament_cmake_core/package.cmake) returned
[0.594s]   error code 1
[0.594s] Call Stack (most recent call first):
[0.594s]   /opt/ros/humble/share/ament_cmake_core/cmake/core/ament_package_xml.cmake:49 (_ament_package_xml)
[0.595s]   /opt/ros/humble/share/ament_lint_auto/cmake/ament_lint_auto_find_test_dependencies.cmake:31 (ament_package_xml)
[0.595s]   CMakeLists.txt:98 (ament_lint_auto_find_test_dependencies)
[0.595s] 
[0.595s] [0m
[0.595s] -- Configuring incomplete, errors occurred!
[0.595s] See also "/home/rohit/slam2/build/hello/CMakeFiles/CMakeOutput.log".
[0.600s] gmake: *** [Makefile:513: cmake_check_build_system] Error 1
[0.602s] Invoked command in '/home/rohit/slam2/build/hello' returned '2': /usr/bin/cmake --build /home/rohit/slam2/build/hello -- -j20 -l20
