[01m[K/home/rohit/slam2/src/hello/src/ekf.cpp:[m[K In member function â€˜[01m[Kvoid GlobalRacetrackMapper::cones_callback(eufs_msgs::msg::ConeArrayWithCovariance_<std::allocator<void> >::SharedPtr)[m[Kâ€™:
[01m[K/home/rohit/slam2/src/hello/src/ekf.cpp:64:5:[m[K [01;31m[Kerror: [m[Kâ€˜[01m[Ktf2[m[Kâ€™ has not been declared
   64 |     [01;31m[Ktf2[m[K::Quaternion q;
      |     [01;31m[K^~~[m[K
[01m[K/home/rohit/slam2/src/hello/src/ekf.cpp:65:5:[m[K [01;31m[Kerror: [m[Kâ€˜[01m[Kq[m[Kâ€™ was not declared in this scope
   65 |     [01;31m[Kq[m[K.setRPY(0, 0, latest_pose_.theta);
      |     [01;31m[K^[m[K
[01m[K/home/rohit/slam2/src/hello/src/ekf.cpp:66:30:[m[K [01;31m[Kerror: [m[Kâ€˜[01m[Ktf2[m[Kâ€™ has not been declared
   66 |     robot_pose.orientation = [01;31m[Ktf2[m[K::toMsg(q);
      |                              [01;31m[K^~~[m[K
gmake[2]: *** [CMakeFiles/ekf.dir/build.make:76: CMakeFiles/ekf.dir/src/ekf.cpp.o] Error 1
gmake[1]: *** [CMakeFiles/Makefile2:283: CMakeFiles/ekf.dir/all] Error 2
gmake: *** [Makefile:146: all] Error 2
