[35m[1mConsolidate compiler generated dependencies of target node1[0m
[ 14%] Built target node2
[ 28%] Built target ground_truth
[ 42%] Built target node
[ 57%] Built target actual
[ 71%] Built target v
[ 85%] Built target calculation
[ 92%] [32mBuilding CXX object CMakeFiles/node1.dir/src/node1.cpp.o[0m
[01m[K/home/rohit/slam2/src/hello/src/node1.cpp:[m[K In member function â€˜[01m[Kvoid VelocityEstimator::callback(eufs_msgs::msg::WheelSpeedsStamped_<std::allocator<void> >::SharedPtr)[m[Kâ€™:
[01m[K/home/rohit/slam2/src/hello/src/node1.cpp:23:22:[m[K [01;31m[Kerror: [m[Kâ€˜[01m[Kusing element_type = struct eufs_msgs::msg::WheelSpeedsStamped_<std::allocator<void> >[m[Kâ€™ {aka â€˜[01m[Kstruct eufs_msgs::msg::WheelSpeedsStamped_<std::allocator<void> >[m[Kâ€™} has no member named â€˜[01m[Krb_speed[m[Kâ€™
   23 |     double rb = msg->[01;31m[Krb_speed[m[K;
      |                      [01;31m[K^~~~~~~~[m[K
[01m[K/home/rohit/slam2/src/hello/src/node1.cpp:24:22:[m[K [01;31m[Kerror: [m[Kâ€˜[01m[Kusing element_type = struct eufs_msgs::msg::WheelSpeedsStamped_<std::allocator<void> >[m[Kâ€™ {aka â€˜[01m[Kstruct eufs_msgs::msg::WheelSpeedsStamped_<std::allocator<void> >[m[Kâ€™} has no member named â€˜[01m[Klb_speed[m[Kâ€™
   24 |     double lb = msg->[01;31m[Klb_speed[m[K;
      |                      [01;31m[K^~~~~~~~[m[K
[01m[K/home/rohit/slam2/src/hello/src/node1.cpp:29:31:[m[K [01;31m[Kerror: [m[Kâ€˜[01m[Ksteering_rad[m[Kâ€™ was not declared in this scope
   29 |    double vy = vx * std::tan([01;31m[Ksteering_rad[m[K);
      |                              [01;31m[K^~~~~~~~~~~~[m[K

[01m[K/home/rohit/slam2/src/hello/src/node1.cpp:37:5:[m[K [01;31m[Kerror: [m[Kâ€˜[01m[Kvel_pub_[m[Kâ€™ was not declared in this scope
   37 |     [01;31m[Kvel_pub_[m[K->publish(vel_msg);
      |     [01;31m[K^~~~~~~~[m[K
In file included from [01m[K/opt/ros/humble/include/rclcpp/rclcpp/logging.hpp:24[m[K,
                 from [01m[K/opt/ros/humble/include/rclcpp/rclcpp/client.hpp:40[m[K,
                 from [01m[K/opt/ros/humble/include/rclcpp/rclcpp/callback_group.hpp:24[m[K,
                 from [01m[K/opt/ros/humble/include/rclcpp/rclcpp/any_executable.hpp:20[m[K,
                 from [01m[K/opt/ros/humble/include/rclcpp/rclcpp/memory_strategy.hpp:25[m[K,
                 from [01m[K/opt/ros/humble/include/rclcpp/rclcpp/memory_strategies.hpp:18[m[K,
                 from [01m[K/opt/ros/humble/include/rclcpp/rclcpp/executor_options.hpp:20[m[K,
                 from [01m[K/opt/ros/humble/include/rclcpp/rclcpp/executor.hpp:37[m[K,
                 from [01m[K/opt/ros/humble/include/rclcpp/rclcpp/executors/multi_threaded_executor.hpp:25[m[K,
                 from [01m[K/opt/ros/humble/include/rclcpp/rclcpp/executors.hpp:21[m[K,
                 from [01m[K/opt/ros/humble/include/rclcpp/rclcpp/rclcpp.hpp:155[m[K,
                 from [01m[K/home/rohit/slam2/src/hello/src/node1.cpp:1[m[K:
[01m[K/home/rohit/slam2/src/hello/src/node1.cpp:41:39:[m[K [01;31m[Kerror: [m[Kâ€˜[01m[Ksteering_deg[m[Kâ€™ was not declared in this scope
   41 |        vx, vy, steering_rad, [01;31m[Ksteering_deg[m[K);
      |                              [01;31m[K^~~~~~~~~~~~[m[K

gmake[2]: *** [CMakeFiles/node1.dir/build.make:76: CMakeFiles/node1.dir/src/node1.cpp.o] Error 1
gmake[1]: *** [CMakeFiles/Makefile2:149: CMakeFiles/node1.dir/all] Error 2
gmake: *** [Makefile:146: all] Error 2
