[01m[K/home/rohit/slam2/src/hello/src/ekf.cpp:[m[K In constructor â€˜[01m[KPose2DSubscriber::Pose2DSubscriber()[m[Kâ€™:
[01m[K/home/rohit/slam2/src/hello/src/ekf.cpp:21:42:[m[K [01;31m[Kerror: [m[Kâ€˜[01m[Kcones_callback[m[Kâ€™ is not a member of â€˜[01m[KPose2DSubscriber[m[Kâ€™
   21 |             std::bind(&Pose2DSubscriber::[01;31m[Kcones_callback[m[K, this, std::placeholders::_1));
      |                                          [01;31m[K^~~~~~~~~~~~~~[m[K
[01m[K/home/rohit/slam2/src/hello/src/ekf.cpp:[m[K In member function â€˜[01m[Kvoid Pose2DSubscriber::pose_callback(geometry_msgs::msg::Pose2D_<std::allocator<void> >::SharedPtr)[m[Kâ€™:
[01m[K/home/rohit/slam2/src/hello/src/ekf.cpp:36:9:[m[K [01;31m[Kerror: [m[Ka function-definition is not allowed here before â€˜[01m[K{[m[Kâ€™ token
   36 |         [01;31m[K{[m[K
      |         [01;31m[K^[m[K
[01m[K/home/rohit/slam2/src/hello/src/ekf.cpp:71:9:[m[K [01;31m[Kerror: [m[Ka function-definition is not allowed here before â€˜[01m[K{[m[Kâ€™ token
   71 |         [01;31m[K{[m[K
      |         [01;31m[K^[m[K
gmake[2]: *** [CMakeFiles/ekf.dir/build.make:76: CMakeFiles/ekf.dir/src/ekf.cpp.o] Error 1
gmake[1]: *** [CMakeFiles/Makefile2:255: CMakeFiles/ekf.dir/all] Error 2
gmake: *** [Makefile:146: all] Error 2
