[0.013s] Invoking command in '/home/rohit/slam2/build/hello': CMAKE_PREFIX_PATH=${CMAKE_PREFIX_PATH}:/home/rohit/iitb-racecar/install/racecar:/home/rohit/iitb-racecar/install/point_mass_pkg:/home/rohit/iitb-racecar/install/odom_cmd_pkg:/home/rohit/iitb-racecar/install/dynamic_bicycle_pkg:/home/rohit/ros2_ws/install/launch_testing_examples:/home/rohit/ros2_ws/install/examples_rclpy_pointcloud_publisher:/home/rohit/ros2_ws/install/examples_rclpy_minimal_subscriber:/home/rohit/ros2_ws/install/examples_rclpy_minimal_service:/home/rohit/ros2_ws/install/examples_rclpy_minimal_publisher:/home/rohit/ros2_ws/install/examples_rclpy_minimal_client:/home/rohit/ros2_ws/install/examples_rclpy_minimal_action_server:/home/rohit/ros2_ws/install/examples_rclpy_minimal_action_client:/home/rohit/ros2_ws/install/examples_rclpy_guard_conditions:/home/rohit/ros2_ws/install/examples_rclpy_executors:/home/rohit/install/py_pubsub:/home/rohit/install/package1:/home/rohit/install/pack1:/home/rohit/install/my_package:/home/rohit/install/launch_testing_examples:/home/rohit/install/examples_rclpy_pointcloud_publisher:/home/rohit/install/examples_rclpy_minimal_subscriber:/home/rohit/install/examples_rclpy_minimal_service:/home/rohit/install/examples_rclpy_minimal_publisher:/home/rohit/install/examples_rclpy_minimal_client:/home/rohit/install/examples_rclpy_minimal_action_server:/home/rohit/install/examples_rclpy_minimal_action_client:/home/rohit/install/examples_rclpy_guard_conditions:/home/rohit/install/examples_rclpy_executors:/home/rohit/install/eufs_launcher:/home/rohit/install/eufs_tracks:/home/rohit/install/eufs_rqt:/home/rohit/install/eufs_racecar:/home/rohit/module2.1/install/service_package:/home/rohit/module2.1/install/my_client_pkg:/home/rohit/2dof/install/pos:/home/rohit/assigndirectory/install/pack1:/home/rohit/mynode/install/package1:/opt/ros/humble /usr/bin/cmake --build /home/rohit/slam2/build/hello -- -j20 -l20
[0.036s] -- Found ament_cmake: 1.3.11 (/opt/ros/humble/share/ament_cmake/cmake)
[0.169s] -- Override CMake install command with custom implementation using symlinks instead of copying resources
[0.173s] -- Found rclcpp: 16.0.11 (/opt/ros/humble/share/rclcpp/cmake)
[0.193s] -- Found rosidl_generator_c: 3.1.6 (/opt/ros/humble/share/rosidl_generator_c/cmake)
[0.194s] -- Found rosidl_adapter: 3.1.6 (/opt/ros/humble/share/rosidl_adapter/cmake)
[0.199s] -- Found rosidl_generator_cpp: 3.1.6 (/opt/ros/humble/share/rosidl_generator_cpp/cmake)
[0.207s] -- Using all available rosidl_typesupport_c: rosidl_typesupport_fastrtps_c;rosidl_typesupport_introspection_c
[0.217s] -- Using all available rosidl_typesupport_cpp: rosidl_typesupport_fastrtps_cpp;rosidl_typesupport_introspection_cpp
[0.239s] -- Found rmw_implementation_cmake: 6.1.2 (/opt/ros/humble/share/rmw_implementation_cmake/cmake)
[0.242s] -- Found rmw_fastrtps_cpp: 6.2.7 (/opt/ros/humble/share/rmw_fastrtps_cpp/cmake)
[0.343s] -- Using RMW implementation 'rmw_fastrtps_cpp' as default
[0.380s] -- Found visualization_msgs: 4.2.4 (/opt/ros/humble/share/visualization_msgs/cmake)
[0.410s] -- Found eufs_msgs: 2.0.0 (/home/rohit/install/eufs_msgs/share/eufs_msgs/cmake)
[0.436s] -- Found tf2: 0.25.12 (/opt/ros/humble/share/tf2/cmake)
[0.438s] -- Found tf2_geometry_msgs: 0.25.12 (/opt/ros/humble/share/tf2_geometry_msgs/cmake)
[0.440s] -- Found eigen3_cmake_module: 0.1.1 (/opt/ros/humble/share/eigen3_cmake_module/cmake)
[0.441s] -- Ensuring Eigen3 include directory is part of orocos-kdl CMake target
[0.514s] -- Found ament_lint_auto: 0.12.11 (/opt/ros/humble/share/ament_lint_auto/cmake)
[0.574s] -- Added test 'cppcheck' to perform static code analysis on C / C++ code
[0.574s] -- Configured cppcheck include dirs: 
[0.574s] -- Configured cppcheck exclude dirs and/or files: 
[0.575s] -- Added test 'lint_cmake' to check CMake code style
[0.575s] -- Added test 'uncrustify' to check C / C++ code style
[0.575s] -- Configured uncrustify additional arguments: 
[0.575s] -- Added test 'xmllint' to check XML markup files
[0.576s] -- Configuring done
[0.594s] -- Generating done
[0.601s] -- Build files have been written to: /home/rohit/slam2/build/hello
[0.625s] [35m[1mConsolidate compiler generated dependencies of target v[0m
[0.625s] [35m[1mConsolidate compiler generated dependencies of target node2[0m
[0.625s] [35m[1mConsolidate compiler generated dependencies of target actual[0m
[0.625s] [35m[1mConsolidate compiler generated dependencies of target node[0m
[0.627s] [35m[1mConsolidate compiler generated dependencies of target node1[0m
[0.628s] [35m[1mConsolidate compiler generated dependencies of target calculation[0m
[0.637s] [ 16%] Built target actual
[0.638s] [ 33%] Built target v
[0.638s] [ 50%] Built target node
[0.641s] [ 66%] Built target node2
[0.644s] [ 75%] [32mBuilding CXX object CMakeFiles/calculation.dir/src/calculation.cpp.o[0m
[0.645s] [ 91%] Built target node1
[2.054s] [01m[K/home/rohit/slam2/src/hello/src/calculation.cpp:47:28:[m[K [01;31m[Kerror: [m[Kâ€˜[01m[Ksensor_msgs[m[Kâ€™ does not name a type
[2.055s]    47 |     void imuCallback(const [01;31m[Ksensor_msgs[m[K::msg::Imu::SharedPtr msg) {
[2.055s]       |                            [01;31m[K^~~~~~~~~~~[m[K
[2.055s] [01m[K/home/rohit/slam2/src/hello/src/calculation.cpp:47:44:[m[K [01;31m[Kerror: [m[Kexpected unqualified-id before â€˜[01m[K::[m[Kâ€™ token
[2.055s]    47 |     void imuCallback(const sensor_msgs::msg[01;31m[K::[m[KImu::SharedPtr msg) {
[2.055s]       |                                            [01;31m[K^~[m[K
[2.055s] [01m[K/home/rohit/slam2/src/hello/src/calculation.cpp:47:44:[m[K [01;31m[Kerror: [m[Kexpected â€˜[01m[K)[m[Kâ€™ before â€˜[01m[K::[m[Kâ€™ token
[2.055s]    47 |     void imuCallback[34m[K([m[Kconst sensor_msgs::msg[01;31m[K:[m[K[32m[K:[m[KImu::SharedPtr msg) {
[2.055s]       |                     [34m[K~[m[K                      [01;31m[K^[m[K[32m[K~[m[K
[2.055s]       |                                            [32m[K)[m[K
[2.055s] [01m[K/home/rohit/slam2/src/hello/src/calculation.cpp:47:41:[m[K [01;31m[Kerror: [m[Kexpected â€˜[01m[K;[m[Kâ€™ at end of member declaration
[2.055s]    47 |     void imuCallback(const sensor_msgs::[01;31m[Kmsg[m[K::Imu::SharedPtr msg) {
[2.055s]       |                                         [01;31m[K^~~[m[K
[2.055s]       |                                            [32m[K;[m[K
[2.056s] [01m[K/home/rohit/slam2/src/hello/src/calculation.cpp:47:46:[m[K [01;31m[Kerror: [m[Kâ€˜[01m[KImu[m[Kâ€™ in namespace â€˜[01m[K::[m[Kâ€™ does not name a type
[2.056s]    47 |     void imuCallback(const sensor_msgs::msg::[01;31m[KImu[m[K::SharedPtr msg) {
[2.056s]       |                                              [01;31m[K^~~[m[K
[2.084s] [01m[K/home/rohit/slam2/src/hello/src/calculation.cpp:56:26:[m[K [01;31m[Kerror: [m[Kâ€˜[01m[Ksensor_msgs[m[Kâ€™ was not declared in this scope
[2.085s]    56 |     rclcpp::Subscription<[01;31m[Ksensor_msgs[m[K::msg::Imu>::SharedPtr imu_sub_;
[2.085s]       |                          [01;31m[K^~~~~~~~~~~[m[K
[2.085s] [01m[K/home/rohit/slam2/src/hello/src/calculation.cpp:56:47:[m[K [01;31m[Kerror: [m[Ktemplate argument 1 is invalid
[2.085s]    56 |     rclcpp::Subscription<sensor_msgs::msg::Imu[01;31m[K>[m[K::SharedPtr imu_sub_;
[2.085s]       |                                               [01;31m[K^[m[K
[2.085s] [01m[K/home/rohit/slam2/src/hello/src/calculation.cpp:56:47:[m[K [01;31m[Kerror: [m[Ktemplate argument 3 is invalid
[2.085s] [01m[K/home/rohit/slam2/src/hello/src/calculation.cpp:56:47:[m[K [01;31m[Kerror: [m[Ktemplate argument 4 is invalid
[2.085s] [01m[K/home/rohit/slam2/src/hello/src/calculation.cpp:56:47:[m[K [01;31m[Kerror: [m[Ktemplate argument 5 is invalid
[2.085s] [01m[K/home/rohit/slam2/src/hello/src/calculation.cpp:56:50:[m[K [01;31m[Kerror: [m[Kexpected â€˜[01m[K;[m[Kâ€™ at end of member declaration
[2.085s]    56 |     rclcpp::Subscription<sensor_msgs::msg::Imu>::[01;31m[KSharedPtr[m[K imu_sub_;
[2.085s]       |                                                  [01;31m[K^~~~~~~~~[m[K
[2.085s]       |                                                           [32m[K;[m[K
[2.085s] [01m[K/home/rohit/slam2/src/hello/src/calculation.cpp:56:60:[m[K [01;31m[Kerror: [m[Kâ€˜[01m[Kimu_sub_[m[Kâ€™ does not name a type
[2.086s]    56 |     rclcpp::Subscription<sensor_msgs::msg::Imu>::SharedPtr [01;31m[Kimu_sub_[m[K;
[2.086s]       |                                                            [01;31m[K^~~~~~~~[m[K
[2.096s] [01m[K/home/rohit/slam2/src/hello/src/calculation.cpp:[m[K In constructor â€˜[01m[KWheelSpeedToVelocity::WheelSpeedToVelocity()[m[Kâ€™:
[2.096s] [01m[K/home/rohit/slam2/src/hello/src/calculation.cpp:14:9:[m[K [01;31m[Kerror: [m[Kâ€˜[01m[Kimu_sub_[m[Kâ€™ was not declared in this scope
[2.096s]    14 |         [01;31m[Kimu_sub_[m[K = this->create_subscription<sensor_msgs::msg::Imu>(
[2.096s]       |         [01;31m[K^~~~~~~~[m[K
[2.100s] [01m[K/home/rohit/slam2/src/hello/src/calculation.cpp:14:46:[m[K [01;31m[Kerror: [m[Kâ€˜[01m[Ksensor_msgs[m[Kâ€™ was not declared in this scope
[2.100s]    14 |         imu_sub_ = this->create_subscription<[01;31m[Ksensor_msgs[m[K::msg::Imu>(
[2.100s]       |                                              [01;31m[K^~~~~~~~~~~[m[K
[2.100s] [01m[K/home/rohit/slam2/src/hello/src/calculation.cpp:14:26:[m[K [01;31m[Kerror: [m[Kparse error in template argument list
[2.100s]    14 |         imu_sub_ = this->[01;31m[Kcreate_subscription<sensor_msgs::msg::Imu>[m[K(
[2.100s]       |                          [01;31m[K^~~~~~~~~~~~~~~~~~~~~~~~~~~~~~~~~~~~~~~~~~[m[K
[2.100s] [01m[K/home/rohit/slam2/src/hello/src/calculation.cpp:16:24:[m[K [01;31m[Kerror: [m[Kâ€˜[01m[KImuSubscriberNode[m[Kâ€™ has not been declared
[2.100s]    16 |             std::bind(&[01;31m[KImuSubscriberNode[m[K::imuCallback, this, std::placeholders::_1));
[2.100s]       |                        [01;31m[K^~~~~~~~~~~~~~~~~[m[K
[3.615s] gmake[2]: *** [CMakeFiles/calculation.dir/build.make:76: CMakeFiles/calculation.dir/src/calculation.cpp.o] Error 1
[3.615s] gmake[1]: *** [CMakeFiles/Makefile2:199: CMakeFiles/calculation.dir/all] Error 2
[3.615s] gmake: *** [Makefile:146: all] Error 2
[3.618s] Invoked command in '/home/rohit/slam2/build/hello' returned '2': CMAKE_PREFIX_PATH=${CMAKE_PREFIX_PATH}:/home/rohit/iitb-racecar/install/racecar:/home/rohit/iitb-racecar/install/point_mass_pkg:/home/rohit/iitb-racecar/install/odom_cmd_pkg:/home/rohit/iitb-racecar/install/dynamic_bicycle_pkg:/home/rohit/ros2_ws/install/launch_testing_examples:/home/rohit/ros2_ws/install/examples_rclpy_pointcloud_publisher:/home/rohit/ros2_ws/install/examples_rclpy_minimal_subscriber:/home/rohit/ros2_ws/install/examples_rclpy_minimal_service:/home/rohit/ros2_ws/install/examples_rclpy_minimal_publisher:/home/rohit/ros2_ws/install/examples_rclpy_minimal_client:/home/rohit/ros2_ws/install/examples_rclpy_minimal_action_server:/home/rohit/ros2_ws/install/examples_rclpy_minimal_action_client:/home/rohit/ros2_ws/install/examples_rclpy_guard_conditions:/home/rohit/ros2_ws/install/examples_rclpy_executors:/home/rohit/install/py_pubsub:/home/rohit/install/package1:/home/rohit/install/pack1:/home/rohit/install/my_package:/home/rohit/install/launch_testing_examples:/home/rohit/install/examples_rclpy_pointcloud_publisher:/home/rohit/install/examples_rclpy_minimal_subscriber:/home/rohit/install/examples_rclpy_minimal_service:/home/rohit/install/examples_rclpy_minimal_publisher:/home/rohit/install/examples_rclpy_minimal_client:/home/rohit/install/examples_rclpy_minimal_action_server:/home/rohit/install/examples_rclpy_minimal_action_client:/home/rohit/install/examples_rclpy_guard_conditions:/home/rohit/install/examples_rclpy_executors:/home/rohit/install/eufs_launcher:/home/rohit/install/eufs_tracks:/home/rohit/install/eufs_rqt:/home/rohit/install/eufs_racecar:/home/rohit/module2.1/install/service_package:/home/rohit/module2.1/install/my_client_pkg:/home/rohit/2dof/install/pos:/home/rohit/assigndirectory/install/pack1:/home/rohit/mynode/install/package1:/opt/ros/humble /usr/bin/cmake --build /home/rohit/slam2/build/hello -- -j20 -l20
