-- Found ament_cmake: 1.3.11 (/opt/ros/humble/share/ament_cmake/cmake)
-- Override CMake install command with custom implementation using symlinks instead of copying resources
-- Found rclcpp: 16.0.11 (/opt/ros/humble/share/rclcpp/cmake)
-- Found rosidl_generator_c: 3.1.6 (/opt/ros/humble/share/rosidl_generator_c/cmake)
-- Found rosidl_adapter: 3.1.6 (/opt/ros/humble/share/rosidl_adapter/cmake)
-- Found rosidl_generator_cpp: 3.1.6 (/opt/ros/humble/share/rosidl_generator_cpp/cmake)
-- Using all available rosidl_typesupport_c: rosidl_typesupport_fastrtps_c;rosidl_typesupport_introspection_c
-- Using all available rosidl_typesupport_cpp: rosidl_typesupport_fastrtps_cpp;rosidl_typesupport_introspection_cpp
-- Found rmw_implementation_cmake: 6.1.2 (/opt/ros/humble/share/rmw_implementation_cmake/cmake)
-- Found rmw_fastrtps_cpp: 6.2.7 (/opt/ros/humble/share/rmw_fastrtps_cpp/cmake)
-- Using RMW implementation 'rmw_fastrtps_cpp' as default
-- Found visualization_msgs: 4.2.4 (/opt/ros/humble/share/visualization_msgs/cmake)
-- Found eufs_msgs: 2.0.0 (/home/rohit/install/eufs_msgs/share/eufs_msgs/cmake)
-- Found tf2: 0.25.12 (/opt/ros/humble/share/tf2/cmake)
-- Found tf2_geometry_msgs: 0.25.12 (/opt/ros/humble/share/tf2_geometry_msgs/cmake)
-- Found eigen3_cmake_module: 0.1.1 (/opt/ros/humble/share/eigen3_cmake_module/cmake)
-- Ensuring Eigen3 include directory is part of orocos-kdl CMake target
-- Found ament_lint_auto: 0.12.11 (/opt/ros/humble/share/ament_lint_auto/cmake)
-- Added test 'cppcheck' to perform static code analysis on C / C++ code
-- Configured cppcheck include dirs: 
-- Configured cppcheck exclude dirs and/or files: 
-- Added test 'lint_cmake' to check CMake code style
-- Added test 'uncrustify' to check C / C++ code style
-- Configured uncrustify additional arguments: 
-- Added test 'xmllint' to check XML markup files
-- Configuring done
-- Generating done
-- Build files have been written to: /home/rohit/slam2/build/hello
[35m[1mConsolidate compiler generated dependencies of target ekf[0m
[35m[1mConsolidate compiler generated dependencies of target v[0m
[35m[1mConsolidate compiler generated dependencies of target node2[0m
[35m[1mConsolidate compiler generated dependencies of target ground_truth[0m
[35m[1mConsolidate compiler generated dependencies of target node[0m
[35m[1mConsolidate compiler generated dependencies of target node1[0m
[35m[1mConsolidate compiler generated dependencies of target calculation[0m
[35m[1mConsolidate compiler generated dependencies of target actual[0m
[ 12%] Built target v
[ 18%] [32mBuilding CXX object CMakeFiles/ekf.dir/src/ekf.cpp.o[0m
[ 31%] Built target ground_truth
[ 43%] Built target node2
[ 68%] Built target node
[ 68%] Built target actual
[ 81%] Built target node1
[ 93%] Built target calculation
[01m[K/home/rohit/slam2/src/hello/src/ekf.cpp:[m[K In constructor â€˜[01m[KGlobalRacetrackMapper::GlobalRacetrackMapper()[m[Kâ€™:
[01m[K/home/rohit/slam2/src/hello/src/ekf.cpp:25:47:[m[K [01;31m[Kerror: [m[Kâ€˜[01m[Kcones_callback[m[Kâ€™ is not a member of â€˜[01m[KGlobalRacetrackMapper[m[Kâ€™
   25 |             std::bind(&GlobalRacetrackMapper::[01;31m[Kcones_callback[m[K, this, std::placeholders::_1));
      |                                               [01;31m[K^~~~~~~~~~~~~~[m[K
[01m[K/home/rohit/slam2/src/hello/src/ekf.cpp:[m[K In member function â€˜[01m[Kvoid GlobalRacetrackMapper::publishMarker()[m[Kâ€™:
[01m[K/home/rohit/slam2/src/hello/src/ekf.cpp:122:9:[m[K [01;31m[Kerror: [m[Kâ€˜[01m[Kmarker[m[Kâ€™ was not declared in this scope
  122 |         [01;31m[Kmarker[m[K.pose.orientation.w = 1.0;
      |         [01;31m[K^~~~~~[m[K
[01m[K/home/rohit/slam2/src/hello/src/ekf.cpp:128:26:[m[K [01;31m[Kerror: [m[Kâ€˜[01m[Kcolor[m[Kâ€™ was not declared in this scope
  128 |         marker.color.r = [01;31m[Kcolor[m[K[0];
      |                          [01;31m[K^~~~~[m[K
[01m[K/home/rohit/slam2/src/hello/src/ekf.cpp:133:16:[m[K [01;31m[Kerror: [m[Kreturn-statement with a value, in function returning â€˜[01m[Kvoid[m[Kâ€™ [[01;31m[K]8;;https://gcc.gnu.org/onlinedocs/gcc/Warning-Options.html#index-fpermissive-fpermissive]8;;[m[K]
  133 |         return [01;31m[Kmarker[m[K;
      |                [01;31m[K^~~~~~[m[K
gmake[2]: *** [CMakeFiles/ekf.dir/build.make:76: CMakeFiles/ekf.dir/src/ekf.cpp.o] Error 1
gmake[1]: *** [CMakeFiles/Makefile2:255: CMakeFiles/ekf.dir/all] Error 2
gmake: *** [Makefile:146: all] Error 2
