[0.012s] Invoking command in '/home/rohit/slam2/build/hello': CMAKE_PREFIX_PATH=${CMAKE_PREFIX_PATH}:/home/rohit/iitb-racecar/install/racecar:/home/rohit/iitb-racecar/install/point_mass_pkg:/home/rohit/iitb-racecar/install/odom_cmd_pkg:/home/rohit/iitb-racecar/install/dynamic_bicycle_pkg:/home/rohit/ros2_ws/install/launch_testing_examples:/home/rohit/ros2_ws/install/examples_rclpy_pointcloud_publisher:/home/rohit/ros2_ws/install/examples_rclpy_minimal_subscriber:/home/rohit/ros2_ws/install/examples_rclpy_minimal_service:/home/rohit/ros2_ws/install/examples_rclpy_minimal_publisher:/home/rohit/ros2_ws/install/examples_rclpy_minimal_client:/home/rohit/ros2_ws/install/examples_rclpy_minimal_action_server:/home/rohit/ros2_ws/install/examples_rclpy_minimal_action_client:/home/rohit/ros2_ws/install/examples_rclpy_guard_conditions:/home/rohit/ros2_ws/install/examples_rclpy_executors:/home/rohit/install/py_pubsub:/home/rohit/install/package1:/home/rohit/install/pack1:/home/rohit/install/my_package:/home/rohit/install/launch_testing_examples:/home/rohit/install/examples_rclpy_pointcloud_publisher:/home/rohit/install/examples_rclpy_minimal_subscriber:/home/rohit/install/examples_rclpy_minimal_service:/home/rohit/install/examples_rclpy_minimal_publisher:/home/rohit/install/examples_rclpy_minimal_client:/home/rohit/install/examples_rclpy_minimal_action_server:/home/rohit/install/examples_rclpy_minimal_action_client:/home/rohit/install/examples_rclpy_guard_conditions:/home/rohit/install/examples_rclpy_executors:/home/rohit/install/eufs_launcher:/home/rohit/install/eufs_tracks:/home/rohit/install/eufs_rqt:/home/rohit/install/eufs_racecar:/home/rohit/module2.1/install/service_package:/home/rohit/module2.1/install/my_client_pkg:/home/rohit/2dof/install/pos:/home/rohit/assigndirectory/install/pack1:/home/rohit/mynode/install/package1:/opt/ros/humble /usr/bin/cmake --build /home/rohit/slam2/build/hello -- -j20 -l20
[0.068s] [35m[1mConsolidate compiler generated dependencies of target ekf[0m
[0.084s] [ 12%] Built target node2
[0.084s] [ 25%] Built target actual
[0.087s] [ 37%] Built target node1
[0.087s] [ 50%] Built target v
[0.087s] [ 62%] Built target calculation
[0.088s] [ 68%] [32mBuilding CXX object CMakeFiles/ekf.dir/src/ekf.cpp.o[0m
[0.091s] [ 81%] Built target ground_truth
[0.091s] [ 93%] Built target node
[1.815s] [01m[K/home/rohit/slam2/src/hello/src/ekf.cpp:163:5:[m[K [01;31m[Kerror: [m[Kâ€˜[01m[KMat3[m[Kâ€™ does not name a type
[1.815s]   163 |     [01;31m[KMat3[m[K P_, Q_;            // Covariances
[1.815s]       |     [01;31m[K^~~~[m[K
[1.887s] [01m[K/home/rohit/slam2/src/hello/src/ekf.cpp:[m[K In constructor â€˜[01m[KGlobalRacetrackMapper::GlobalRacetrackMapper()[m[Kâ€™:
[1.887s] [01m[K/home/rohit/slam2/src/hello/src/ekf.cpp:28:9:[m[K [01;31m[Kerror: [m[Kâ€˜[01m[KP_[m[Kâ€™ was not declared in this scope; did you mean â€˜[01m[KR_[m[Kâ€™?
[1.887s]    28 |         [01;31m[KP_[m[K = Mat3::Identity() * 1e2;  // initial large uncertainty
[1.887s]       |         [01;31m[K^~[m[K
[1.887s]       |         [32m[KR_[m[K
[1.887s] [01m[K/home/rohit/slam2/src/hello/src/ekf.cpp:28:14:[m[K [01;31m[Kerror: [m[Kâ€˜[01m[KMat3[m[Kâ€™ has not been declared
[1.887s]    28 |         P_ = [01;31m[KMat3[m[K::Identity() * 1e2;  // initial large uncertainty
[1.887s]       |              [01;31m[K^~~~[m[K
[1.890s] [01m[K/home/rohit/slam2/src/hello/src/ekf.cpp:29:9:[m[K [01;31m[Kerror: [m[Kâ€˜[01m[KQ_[m[Kâ€™ was not declared in this scope; did you mean â€˜[01m[KR_[m[Kâ€™?
[1.890s]    29 |         [01;31m[KQ_[m[K = Mat3::Identity() * 1e-3; // small process noise
[1.890s]       |         [01;31m[K^~[m[K
[1.890s]       |         [32m[KR_[m[K
[1.890s] [01m[K/home/rohit/slam2/src/hello/src/ekf.cpp:29:14:[m[K [01;31m[Kerror: [m[Kâ€˜[01m[KMat3[m[Kâ€™ has not been declared
[1.890s]    29 |         Q_ = [01;31m[KMat3[m[K::Identity() * 1e-3; // small process noise
[1.890s]       |              [01;31m[K^~~~[m[K
[1.896s] [01m[K/home/rohit/slam2/src/hello/src/ekf.cpp:[m[K In member function â€˜[01m[Kvoid GlobalRacetrackMapper::onPose(geometry_msgs::msg::Pose2D_<std::allocator<void> >::SharedPtr)[m[Kâ€™:
[1.896s] [01m[K/home/rohit/slam2/src/hello/src/ekf.cpp:45:9:[m[K [01;31m[Kerror: [m[Kâ€˜[01m[KVec3[m[Kâ€™ was not declared in this scope
[1.896s]    45 |         [01;31m[KVec3[m[K z(m->x, m->y, m->theta); // input from /robot_pose_2d
[1.896s]       |         [01;31m[K^~~~[m[K
[1.899s] [01m[K/home/rohit/slam2/src/hello/src/ekf.cpp:46:18:[m[K [01;31m[Kerror: [m[Kâ€˜[01m[Kz[m[Kâ€™ was not declared in this scope
[1.899s]    46 |         x_hat_ = [01;31m[Kz[m[K;                   // linear model F=I
[1.899s]       |                  [01;31m[K^[m[K
[1.902s] [01m[K/home/rohit/slam2/src/hello/src/ekf.cpp:47:9:[m[K [01;31m[Kerror: [m[Kâ€˜[01m[KP_[m[Kâ€™ was not declared in this scope; did you mean â€˜[01m[KR_[m[Kâ€™?
[1.902s]    47 |         [01;31m[KP_[m[K += Q_;                     // P = P + Q
[1.902s]       |         [01;31m[K^~[m[K
[1.902s]       |         [32m[KR_[m[K
[1.905s] [01m[K/home/rohit/slam2/src/hello/src/ekf.cpp:47:15:[m[K [01;31m[Kerror: [m[Kâ€˜[01m[KQ_[m[Kâ€™ was not declared in this scope; did you mean â€˜[01m[KR_[m[Kâ€™?
[1.905s]    47 |         P_ += [01;31m[KQ_[m[K;                     // P = P + Q
[1.905s]       |               [01;31m[K^~[m[K
[1.905s]       |               [32m[KR_[m[K
[1.911s] [01m[K/home/rohit/slam2/src/hello/src/ekf.cpp:49:9:[m[K [01;31m[Kerror: [m[Kâ€˜[01m[KpublishMarker[m[Kâ€™ was not declared in this scope
[1.911s]    49 |         [01;31m[KpublishMarker[m[K(); // visualize predicted marker
[1.911s]       |         [01;31m[K^~~~~~~~~~~~~[m[K
[1.911s] [01m[K/home/rohit/slam2/src/hello/src/ekf.cpp:42:61:[m[K [01;35m[Kwarning: [m[Kunused parameter â€˜[01m[Km[m[Kâ€™ [[01;35m[K]8;;https://gcc.gnu.org/onlinedocs/gcc/Warning-Options.html#index-Wunused-parameter-Wunused-parameter]8;;[m[K]
[1.911s]    42 |     void onPose([01;35m[Kconst geometry_msgs::msg::Pose2D::SharedPtr m[m[K)
[1.911s]       |                 [01;35m[K~~~~~~~~~~~~~~~~~~~~~~~~~~~~~~~~~~~~~~~~~~~~^[m[K
[4.031s] gmake[2]: *** [CMakeFiles/ekf.dir/build.make:76: CMakeFiles/ekf.dir/src/ekf.cpp.o] Error 1
[4.031s] gmake[1]: *** [CMakeFiles/Makefile2:255: CMakeFiles/ekf.dir/all] Error 2
[4.032s] gmake: *** [Makefile:146: all] Error 2
[4.034s] Invoked command in '/home/rohit/slam2/build/hello' returned '2': CMAKE_PREFIX_PATH=${CMAKE_PREFIX_PATH}:/home/rohit/iitb-racecar/install/racecar:/home/rohit/iitb-racecar/install/point_mass_pkg:/home/rohit/iitb-racecar/install/odom_cmd_pkg:/home/rohit/iitb-racecar/install/dynamic_bicycle_pkg:/home/rohit/ros2_ws/install/launch_testing_examples:/home/rohit/ros2_ws/install/examples_rclpy_pointcloud_publisher:/home/rohit/ros2_ws/install/examples_rclpy_minimal_subscriber:/home/rohit/ros2_ws/install/examples_rclpy_minimal_service:/home/rohit/ros2_ws/install/examples_rclpy_minimal_publisher:/home/rohit/ros2_ws/install/examples_rclpy_minimal_client:/home/rohit/ros2_ws/install/examples_rclpy_minimal_action_server:/home/rohit/ros2_ws/install/examples_rclpy_minimal_action_client:/home/rohit/ros2_ws/install/examples_rclpy_guard_conditions:/home/rohit/ros2_ws/install/examples_rclpy_executors:/home/rohit/install/py_pubsub:/home/rohit/install/package1:/home/rohit/install/pack1:/home/rohit/install/my_package:/home/rohit/install/launch_testing_examples:/home/rohit/install/examples_rclpy_pointcloud_publisher:/home/rohit/install/examples_rclpy_minimal_subscriber:/home/rohit/install/examples_rclpy_minimal_service:/home/rohit/install/examples_rclpy_minimal_publisher:/home/rohit/install/examples_rclpy_minimal_client:/home/rohit/install/examples_rclpy_minimal_action_server:/home/rohit/install/examples_rclpy_minimal_action_client:/home/rohit/install/examples_rclpy_guard_conditions:/home/rohit/install/examples_rclpy_executors:/home/rohit/install/eufs_launcher:/home/rohit/install/eufs_tracks:/home/rohit/install/eufs_rqt:/home/rohit/install/eufs_racecar:/home/rohit/module2.1/install/service_package:/home/rohit/module2.1/install/my_client_pkg:/home/rohit/2dof/install/pos:/home/rohit/assigndirectory/install/pack1:/home/rohit/mynode/install/package1:/opt/ros/humble /usr/bin/cmake --build /home/rohit/slam2/build/hello -- -j20 -l20
