[ 12%] Built target node
[ 25%] Built target ground_truth
[ 37%] Built target actual
[ 50%] Built target node2
[ 62%] Built target node1
[ 68%] [32mBuilding CXX object CMakeFiles/ekf.dir/src/ekf.cpp.o[0m
[ 81%] Built target calculation
[ 93%] Built target v
[01m[K/home/rohit/slam2/src/hello/src/ekf.cpp:[m[K In member function â€˜[01m[Kvoid EKFWithCones::publishArrow()[m[Kâ€™:
[01m[K/home/rohit/slam2/src/hello/src/ekf.cpp:114:5:[m[K [01;31m[Kerror: [m[Kâ€˜[01m[Ktf2[m[Kâ€™ has not been declared
  114 |     [01;31m[Ktf2[m[K::Quaternion q; q.setRPY(0,0,x_hat_(2)); m.pose.orientation=tf2::toMsg(q);
      |     [01;31m[K^~~[m[K
[01m[K/home/rohit/slam2/src/hello/src/ekf.cpp:114:24:[m[K [01;31m[Kerror: [m[Kâ€˜[01m[Kq[m[Kâ€™ was not declared in this scope
  114 |     tf2::Quaternion q; [01;31m[Kq[m[K.setRPY(0,0,x_hat_(2)); m.pose.orientation=tf2::toMsg(q);
      |                        [01;31m[K^[m[K
[01m[K/home/rohit/slam2/src/hello/src/ekf.cpp:114:68:[m[K [01;31m[Kerror: [m[Kâ€˜[01m[Ktf2[m[Kâ€™ has not been declared
  114 |     tf2::Quaternion q; q.setRPY(0,0,x_hat_(2)); m.pose.orientation=[01;31m[Ktf2[m[K::toMsg(q);
      |                                                                    [01;31m[K^~~[m[K
gmake[2]: *** [CMakeFiles/ekf.dir/build.make:76: CMakeFiles/ekf.dir/src/ekf.cpp.o] Error 1
gmake[1]: *** [CMakeFiles/Makefile2:255: CMakeFiles/ekf.dir/all] Error 2
gmake: *** [Makefile:146: all] Error 2
