[35m[1mConsolidate compiler generated dependencies of target ekf[0m
[ 12%] Built target calculation
[ 25%] Built target ground_truth
[ 37%] Built target node2
[ 50%] Built target node
[ 62%] Built target actual
[ 75%] Built target node1
[ 81%] [32mBuilding CXX object CMakeFiles/ekf.dir/src/ekf.cpp.o[0m
[ 93%] Built target v
[01m[K/home/rohit/slam2/src/hello/src/ekf.cpp:[m[K In member function â€˜[01m[Kvoid GlobalRacetrackMapper::publishMarker()[m[Kâ€™:
[01m[K/home/rohit/slam2/src/hello/src/ekf.cpp:118:9:[m[K [01;31m[Kerror: [m[Kâ€˜[01m[Kmarker_pub_[m[Kâ€™ was not declared in this scope
  118 |         [01;31m[Kmarker_pub_[m[K->publish(m);
      |         [01;31m[K^~~~~~~~~~~[m[K
gmake[2]: *** [CMakeFiles/ekf.dir/build.make:76: CMakeFiles/ekf.dir/src/ekf.cpp.o] Error 1
gmake[1]: *** [CMakeFiles/Makefile2:255: CMakeFiles/ekf.dir/all] Error 2
gmake: *** [Makefile:146: all] Error 2
