[0.000000] (-) TimerEvent: {}
[0.000444] (hello) JobQueued: {'identifier': 'hello', 'dependencies': OrderedDict()}
[0.000477] (hello) JobStarted: {'identifier': 'hello'}
[0.011402] (hello) JobProgress: {'identifier': 'hello', 'progress': 'cmake'}
[0.012112] (hello) JobProgress: {'identifier': 'hello', 'progress': 'build'}
[0.012265] (hello) Command: {'cmd': ['/usr/bin/cmake', '--build', '/home/rohit/slam2/build/hello', '--', '-j20', '-l20'], 'cwd': '/home/rohit/slam2/build/hello', 'env': OrderedDict([('GJS_DEBUG_TOPICS', 'JS ERROR;JS LOG'), ('LESSOPEN', '| /usr/bin/lesspipe %s'), ('LANGUAGE', 'en_IN:en'), ('USER', 'rohit'), ('XDG_SESSION_TYPE', 'x11'), ('SHLVL', '1'), ('LD_LIBRARY_PATH', '/home/rohit/iitb-racecar/install/racecar_plugins/lib:/home/rohit/ros2_ws/install/turtlesim/lib:/home/rohit/ros2_ws/install/examples_rclcpp_wait_set/lib:/home/rohit/ros2_ws/install/examples_rclcpp_minimal_subscriber/lib:/home/rohit/ros2_ws/install/examples_rclcpp_minimal_composition/lib:/home/rohit/install/turtlesim/lib:/home/rohit/install/examples_rclcpp_wait_set/lib:/home/rohit/install/examples_rclcpp_minimal_subscriber/lib:/home/rohit/install/examples_rclcpp_minimal_composition/lib:/home/rohit/install/eufs_plugins/lib:/home/rohit/install/eufs_models/lib:/home/rohit/install/eufs_msgs/lib:/home/rohit/2dof/install/custom_interfaces/lib:/usr/lib/x86_64-linux-gnu/gazebo-11/plugins:/opt/ros/humble/opt/rviz_ogre_vendor/lib:/opt/ros/humble/lib/x86_64-linux-gnu:/opt/ros/humble/lib:/usr/share/gazebo/../../lib/x86_64-linux-gnu/gazebo-11/plugins::/usr/share/gazebo/../../lib/x86_64-linux-gnu/gazebo-11/plugins:/usr/share/gazebo/../../lib/x86_64-linux-gnu/gazebo-11/plugins::/usr/share/gazebo/../../lib/x86_64-linux-gnu/gazebo-11/plugins:/usr/share/gazebo/../../lib/x86_64-linux-gnu/gazebo-11/plugins:/usr/share/gazebo/../../lib/x86_64-linux-gnu/gazebo-11/plugins:'), ('HOME', '/home/rohit'), ('OLDPWD', '/home/rohit'), ('DESKTOP_SESSION', 'ubuntu'), ('GIO_LAUNCHED_DESKTOP_FILE', '/usr/share/applications/terminator.desktop'), ('GAZEBO_MASTER_URI', 'http://localhost:11345'), ('ROS_PYTHON_VERSION', '3'), ('GNOME_SHELL_SESSION_MODE', 'ubuntu'), ('GTK_MODULES', 'gail:atk-bridge'), ('MANAGERPID', '2279'), ('SYSTEMD_EXEC_PID', '2779'), ('DBUS_SESSION_BUS_ADDRESS', 'unix:path=/run/user/1000/bus'), ('COLORTERM', 'truecolor'), ('TERMINATOR_DBUS_NAME', 'net.tenshu.Terminator23558193cd9818af7fe4d2c2f5bd9d00f'), ('GIO_LAUNCHED_DESKTOP_FILE_PID', '4601'), ('_colcon_cd_root', '/opt/ros/humble/'), ('COLCON_PREFIX_PATH', '/home/rohit/install:/home/rohit/module2.1/install:/home/rohit/assigndirectory/install:/home/rohit/mynode/install:/home/rohit/slam2/install:/home/rohit/iitb-racecar/install:/home/rohit/robot_arm_ws_dup/install:/home/rohit/2dof/install:/home/rohit/ros2_ws/install'), ('ROS_DISTRO', 'humble'), ('GTK_IM_MODULE', 'ibus'), ('LOGNAME', 'rohit'), ('JOURNAL_STREAM', '8:15010'), ('EUFS_MASTER', '/home/rohit/sim/src'), ('_', '/usr/bin/colcon'), ('ROS_VERSION', '2'), ('XDG_SESSION_CLASS', 'user'), ('USERNAME', 'rohit'), ('TERM', 'xterm-256color'), ('GAZEBO_MODEL_PATH', '/usr/share/gazebo/../../share/gazebo-11/models:/usr/share/gazebo/../../share/gazebo-11/models:/usr/share/gazebo/../../share/gazebo-11/models:'), ('GNOME_DESKTOP_SESSION_ID', 'this-is-deprecated'), ('ROS_LOCALHOST_ONLY', '1'), ('WINDOWPATH', '2'), ('OGRE_RESOURCE_PATH', '/usr/lib/x86_64-linux-gnu/OGRE-1.9.0'), ('PATH', '/opt/ros/humble/bin:/home/rohit/.local/bin:/usr/local/sbin:/usr/local/bin:/usr/sbin:/usr/bin:/sbin:/bin:/usr/games:/usr/local/games:/snap/bin:/snap/bin'), ('SESSION_MANAGER', 'local/rohit-LOQ-15IRX9:@/tmp/.ICE-unix/2744,unix/rohit-LOQ-15IRX9:/tmp/.ICE-unix/2744'), ('INVOCATION_ID', '2835da1dbf444911807c6cbb99a98c20'), ('XDG_MENU_PREFIX', 'gnome-'), ('XDG_RUNTIME_DIR', '/run/user/1000'), ('DISPLAY', ':1'), ('TERMINATOR_DBUS_PATH', '/net/tenshu/Terminator2'), ('LANG', 'en_US.UTF-8'), ('XDG_CURRENT_DESKTOP', 'ubuntu:GNOME'), ('IBUS_DISABLE_SNOOPER', '1'), ('XMODIFIERS', '@im=ibus'), ('XDG_SESSION_DESKTOP', 'ubuntu'), ('XAUTHORITY', '/run/user/1000/gdm/Xauthority'), ('LS_COLORS', 'rs=0:di=01;34:ln=01;36:mh=00:pi=40;33:so=01;35:do=01;35:bd=40;33;01:cd=40;33;01:or=40;31;01:mi=00:su=37;41:sg=30;43:ca=30;41:tw=30;42:ow=34;42:st=37;44:ex=01;32:*.tar=01;31:*.tgz=01;31:*.arc=01;31:*.arj=01;31:*.taz=01;31:*.lha=01;31:*.lz4=01;31:*.lzh=01;31:*.lzma=01;31:*.tlz=01;31:*.txz=01;31:*.tzo=01;31:*.t7z=01;31:*.zip=01;31:*.z=01;31:*.dz=01;31:*.gz=01;31:*.lrz=01;31:*.lz=01;31:*.lzo=01;31:*.xz=01;31:*.zst=01;31:*.tzst=01;31:*.bz2=01;31:*.bz=01;31:*.tbz=01;31:*.tbz2=01;31:*.tz=01;31:*.deb=01;31:*.rpm=01;31:*.jar=01;31:*.war=01;31:*.ear=01;31:*.sar=01;31:*.rar=01;31:*.alz=01;31:*.ace=01;31:*.zoo=01;31:*.cpio=01;31:*.7z=01;31:*.rz=01;31:*.cab=01;31:*.wim=01;31:*.swm=01;31:*.dwm=01;31:*.esd=01;31:*.jpg=01;35:*.jpeg=01;35:*.mjpg=01;35:*.mjpeg=01;35:*.gif=01;35:*.bmp=01;35:*.pbm=01;35:*.pgm=01;35:*.ppm=01;35:*.tga=01;35:*.xbm=01;35:*.xpm=01;35:*.tif=01;35:*.tiff=01;35:*.png=01;35:*.svg=01;35:*.svgz=01;35:*.mng=01;35:*.pcx=01;35:*.mov=01;35:*.mpg=01;35:*.mpeg=01;35:*.m2v=01;35:*.mkv=01;35:*.webm=01;35:*.webp=01;35:*.ogm=01;35:*.mp4=01;35:*.m4v=01;35:*.mp4v=01;35:*.vob=01;35:*.qt=01;35:*.nuv=01;35:*.wmv=01;35:*.asf=01;35:*.rm=01;35:*.rmvb=01;35:*.flc=01;35:*.avi=01;35:*.fli=01;35:*.flv=01;35:*.gl=01;35:*.dl=01;35:*.xcf=01;35:*.xwd=01;35:*.yuv=01;35:*.cgm=01;35:*.emf=01;35:*.ogv=01;35:*.ogx=01;35:*.aac=00;36:*.au=00;36:*.flac=00;36:*.m4a=00;36:*.mid=00;36:*.midi=00;36:*.mka=00;36:*.mp3=00;36:*.mpc=00;36:*.ogg=00;36:*.ra=00;36:*.wav=00;36:*.oga=00;36:*.opus=00;36:*.spx=00;36:*.xspf=00;36:'), ('SSH_AGENT_LAUNCHER', 'gnome-keyring'), ('SSH_AUTH_SOCK', '/run/user/1000/keyring/ssh'), ('ROS_DOMAIN_ID', '1'), ('AMENT_PREFIX_PATH', '/home/rohit/slam2/install/hello:/home/rohit/iitb-racecar/install/racecar_plugins:/home/rohit/iitb-racecar/install/racecar:/home/rohit/iitb-racecar/install/racecar_description:/home/rohit/iitb-racecar/install/point_mass_pkg:/home/rohit/iitb-racecar/install/odom_cmd_pkg:/home/rohit/iitb-racecar/install/dynamic_bicycle_pkg:/home/rohit/ros2_ws/install/turtlesim:/home/rohit/ros2_ws/install/launch_testing_examples:/home/rohit/ros2_ws/install/examples_rclpy_pointcloud_publisher:/home/rohit/ros2_ws/install/examples_rclpy_minimal_subscriber:/home/rohit/ros2_ws/install/examples_rclpy_minimal_service:/home/rohit/ros2_ws/install/examples_rclpy_minimal_publisher:/home/rohit/ros2_ws/install/examples_rclpy_minimal_client:/home/rohit/ros2_ws/install/examples_rclpy_minimal_action_server:/home/rohit/ros2_ws/install/examples_rclpy_minimal_action_client:/home/rohit/ros2_ws/install/examples_rclpy_guard_conditions:/home/rohit/ros2_ws/install/examples_rclpy_executors:/home/rohit/ros2_ws/install/examples_rclcpp_wait_set:/home/rohit/ros2_ws/install/examples_rclcpp_multithreaded_executor:/home/rohit/ros2_ws/install/examples_rclcpp_minimal_timer:/home/rohit/ros2_ws/install/examples_rclcpp_minimal_subscriber:/home/rohit/ros2_ws/install/examples_rclcpp_minimal_service:/home/rohit/ros2_ws/install/examples_rclcpp_minimal_publisher:/home/rohit/ros2_ws/install/examples_rclcpp_minimal_composition:/home/rohit/ros2_ws/install/examples_rclcpp_minimal_client:/home/rohit/ros2_ws/install/examples_rclcpp_minimal_action_server:/home/rohit/ros2_ws/install/examples_rclcpp_minimal_action_client:/home/rohit/ros2_ws/install/examples_rclcpp_cbg_executor:/home/rohit/ros2_ws/install/examples_rclcpp_async_client:/home/rohit/install/turtlesim:/home/rohit/install/py_pubsub:/home/rohit/install/package1:/home/rohit/install/pack1:/home/rohit/install/my_package:/home/rohit/install/my_marker_package:/home/rohit/install/launch_testing_examples:/home/rohit/install/examples_rclpy_pointcloud_publisher:/home/rohit/install/examples_rclpy_minimal_subscriber:/home/rohit/install/examples_rclpy_minimal_service:/home/rohit/install/examples_rclpy_minimal_publisher:/home/rohit/install/examples_rclpy_minimal_client:/home/rohit/install/examples_rclpy_minimal_action_server:/home/rohit/install/examples_rclpy_minimal_action_client:/home/rohit/install/examples_rclpy_guard_conditions:/home/rohit/install/examples_rclpy_executors:/home/rohit/install/examples_rclcpp_wait_set:/home/rohit/install/examples_rclcpp_multithreaded_executor:/home/rohit/install/examples_rclcpp_minimal_timer:/home/rohit/install/examples_rclcpp_minimal_subscriber:/home/rohit/install/examples_rclcpp_minimal_service:/home/rohit/install/examples_rclcpp_minimal_publisher:/home/rohit/install/examples_rclcpp_minimal_composition:/home/rohit/install/examples_rclcpp_minimal_client:/home/rohit/install/examples_rclcpp_minimal_action_server:/home/rohit/install/examples_rclcpp_minimal_action_client:/home/rohit/install/examples_rclcpp_cbg_executor:/home/rohit/install/examples_rclcpp_async_client:/home/rohit/install/eufs_launcher:/home/rohit/install/eufs_tracks:/home/rohit/install/eufs_sensors:/home/rohit/install/eufs_rqt:/home/rohit/install/eufs_racecar:/home/rohit/install/eufs_plugins:/home/rohit/install/eufs_models:/home/rohit/install/eufs_msgs:/home/rohit/module2.1/install/services:/home/rohit/module2.1/install/service_package:/home/rohit/module2.1/install/my_marker_package:/home/rohit/module2.1/install/my_client_pkg:/home/rohit/robot_arm_ws_dup/install/robot_arm:/home/rohit/2dof/install/pos:/home/rohit/2dof/install/my_robot:/home/rohit/2dof/install/custom_interfaces:/home/rohit/assigndirectory/install/pack1:/home/rohit/mynode/install/package1:/opt/ros/humble'), ('SHELL', '/bin/bash'), ('TERMINATOR_UUID', 'urn:uuid:790f6f4c-3ed5-4041-914d-91e4513e71c9'), ('QT_ACCESSIBILITY', '1'), ('GDMSESSION', 'ubuntu'), ('LESSCLOSE', '/usr/bin/lesspipe %s %s'), ('GPG_AGENT_INFO', '/run/user/1000/gnupg/S.gpg-agent:0:1'), ('GAZEBO_RESOURCE_PATH', '/usr/share/gazebo/../../share/gazebo-11:/usr/share/gazebo/../../share/gazebo-11:/usr/share/gazebo/../../share/gazebo-11:'), ('GJS_DEBUG_OUTPUT', 'stderr'), ('GAZEBO_MODEL_DATABASE_URI', 'http://models.gazebosim.org'), ('QT_IM_MODULE', 'ibus'), ('PWD', '/home/rohit/slam2/build/hello'), ('LC_ALL', 'en_US.UTF-8'), ('XDG_CONFIG_DIRS', '/etc/xdg/xdg-ubuntu:/etc/xdg'), ('GAZEBO_PLUGIN_PATH', '/usr/share/gazebo/../../lib/x86_64-linux-gnu/gazebo-11/plugins:/usr/share/gazebo/../../lib/x86_64-linux-gnu/gazebo-11/plugins:/usr/share/gazebo/../../lib/x86_64-linux-gnu/gazebo-11/plugins:'), ('XDG_DATA_DIRS', '/usr/share/ubuntu:/usr/share/gnome:/usr/local/share/:/usr/share/:/var/lib/snapd/desktop'), ('PYTHONPATH', '/home/rohit/iitb-racecar/install/racecar/lib/python3.10/site-packages:/home/rohit/iitb-racecar/install/point_mass_pkg/lib/python3.10/site-packages:/home/rohit/iitb-racecar/install/odom_cmd_pkg/lib/python3.10/site-packages:/home/rohit/iitb-racecar/install/dynamic_bicycle_pkg/lib/python3.10/site-packages:/home/rohit/ros2_ws/install/turtlesim/local/lib/python3.10/dist-packages:/home/rohit/ros2_ws/install/launch_testing_examples/lib/python3.10/site-packages:/home/rohit/ros2_ws/install/examples_rclpy_pointcloud_publisher/lib/python3.10/site-packages:/home/rohit/ros2_ws/install/examples_rclpy_minimal_subscriber/lib/python3.10/site-packages:/home/rohit/ros2_ws/install/examples_rclpy_minimal_service/lib/python3.10/site-packages:/home/rohit/ros2_ws/install/examples_rclpy_minimal_publisher/lib/python3.10/site-packages:/home/rohit/ros2_ws/install/examples_rclpy_minimal_client/lib/python3.10/site-packages:/home/rohit/ros2_ws/install/examples_rclpy_minimal_action_server/lib/python3.10/site-packages:/home/rohit/ros2_ws/install/examples_rclpy_minimal_action_client/lib/python3.10/site-packages:/home/rohit/ros2_ws/install/examples_rclpy_guard_conditions/lib/python3.10/site-packages:/home/rohit/ros2_ws/install/examples_rclpy_executors/lib/python3.10/site-packages:/home/rohit/install/turtlesim/local/lib/python3.10/dist-packages:/home/rohit/install/py_pubsub/lib/python3.10/site-packages:/home/rohit/install/package1/lib/python3.10/site-packages:/home/rohit/install/pack1/lib/python3.10/site-packages:/home/rohit/install/my_package/lib/python3.10/site-packages:/home/rohit/install/launch_testing_examples/lib/python3.10/site-packages:/home/rohit/install/examples_rclpy_pointcloud_publisher/lib/python3.10/site-packages:/home/rohit/install/examples_rclpy_minimal_subscriber/lib/python3.10/site-packages:/home/rohit/install/examples_rclpy_minimal_service/lib/python3.10/site-packages:/home/rohit/install/examples_rclpy_minimal_publisher/lib/python3.10/site-packages:/home/rohit/install/examples_rclpy_minimal_client/lib/python3.10/site-packages:/home/rohit/install/examples_rclpy_minimal_action_server/lib/python3.10/site-packages:/home/rohit/install/examples_rclpy_minimal_action_client/lib/python3.10/site-packages:/home/rohit/install/examples_rclpy_guard_conditions/lib/python3.10/site-packages:/home/rohit/install/examples_rclpy_executors/lib/python3.10/site-packages:/home/rohit/install/eufs_launcher/lib/python3.10/site-packages:/home/rohit/install/eufs_tracks/lib/python3.10/site-packages:/home/rohit/install/eufs_rqt/lib/python3.10/site-packages:/home/rohit/install/eufs_racecar/lib/python3.10/site-packages:/home/rohit/install/eufs_msgs/local/lib/python3.10/dist-packages:/home/rohit/module2.1/install/service_package/lib/python3.10/site-packages:/home/rohit/module2.1/install/my_client_pkg/lib/python3.10/site-packages:/home/rohit/2dof/install/pos/lib/python3.10/site-packages:/home/rohit/2dof/install/custom_interfaces/local/lib/python3.10/dist-packages:/home/rohit/assigndirectory/install/pack1/lib/python3.10/site-packages:/home/rohit/mynode/install/package1/lib/python3.10/site-packages:/opt/ros/humble/lib/python3.10/site-packages:/opt/ros/humble/local/lib/python3.10/dist-packages'), ('COLCON', '1'), ('VTE_VERSION', '6800'), ('CMAKE_PREFIX_PATH', '/home/rohit/slam2/install/hello:/home/rohit/iitb-racecar/install/racecar_plugins:/home/rohit/iitb-racecar/install/racecar_description:/home/rohit/ros2_ws/install/turtlesim:/home/rohit/ros2_ws/install/examples_rclcpp_wait_set:/home/rohit/ros2_ws/install/examples_rclcpp_multithreaded_executor:/home/rohit/ros2_ws/install/examples_rclcpp_minimal_timer:/home/rohit/ros2_ws/install/examples_rclcpp_minimal_subscriber:/home/rohit/ros2_ws/install/examples_rclcpp_minimal_service:/home/rohit/ros2_ws/install/examples_rclcpp_minimal_publisher:/home/rohit/ros2_ws/install/examples_rclcpp_minimal_composition:/home/rohit/ros2_ws/install/examples_rclcpp_minimal_client:/home/rohit/ros2_ws/install/examples_rclcpp_minimal_action_server:/home/rohit/ros2_ws/install/examples_rclcpp_minimal_action_client:/home/rohit/ros2_ws/install/examples_rclcpp_cbg_executor:/home/rohit/ros2_ws/install/examples_rclcpp_async_client:/home/rohit/install/turtlesim:/home/rohit/install/my_marker_package:/home/rohit/install/examples_rclcpp_wait_set:/home/rohit/install/examples_rclcpp_multithreaded_executor:/home/rohit/install/examples_rclcpp_minimal_timer:/home/rohit/install/examples_rclcpp_minimal_subscriber:/home/rohit/install/examples_rclcpp_minimal_service:/home/rohit/install/examples_rclcpp_minimal_publisher:/home/rohit/install/examples_rclcpp_minimal_composition:/home/rohit/install/examples_rclcpp_minimal_client:/home/rohit/install/examples_rclcpp_minimal_action_server:/home/rohit/install/examples_rclcpp_minimal_action_client:/home/rohit/install/examples_rclcpp_cbg_executor:/home/rohit/install/examples_rclcpp_async_client:/home/rohit/install/eufs_sensors:/home/rohit/install/eufs_plugins:/home/rohit/install/eufs_models:/home/rohit/install/eufs_msgs:/home/rohit/module2.1/install/services:/home/rohit/module2.1/install/my_marker_package:/home/rohit/robot_arm_ws_dup/install/robot_arm:/home/rohit/2dof/install/my_robot:/home/rohit/2dof/install/custom_interfaces')]), 'shell': False}
[0.044829] (hello) StdoutLine: {'line': b'-- Found ament_cmake: 1.3.11 (/opt/ros/humble/share/ament_cmake/cmake)\n'}
[0.099765] (-) TimerEvent: {}
[0.178983] (hello) StdoutLine: {'line': b'-- Override CMake install command with custom implementation using symlinks instead of copying resources\n'}
[0.183263] (hello) StdoutLine: {'line': b'-- Found rclcpp: 16.0.11 (/opt/ros/humble/share/rclcpp/cmake)\n'}
[0.199933] (-) TimerEvent: {}
[0.201639] (hello) StdoutLine: {'line': b'-- Found rosidl_generator_c: 3.1.6 (/opt/ros/humble/share/rosidl_generator_c/cmake)\n'}
[0.203217] (hello) StdoutLine: {'line': b'-- Found rosidl_adapter: 3.1.6 (/opt/ros/humble/share/rosidl_adapter/cmake)\n'}
[0.206836] (hello) StdoutLine: {'line': b'-- Found rosidl_generator_cpp: 3.1.6 (/opt/ros/humble/share/rosidl_generator_cpp/cmake)\n'}
[0.214629] (hello) StdoutLine: {'line': b'-- Using all available rosidl_typesupport_c: rosidl_typesupport_fastrtps_c;rosidl_typesupport_introspection_c\n'}
[0.224281] (hello) StdoutLine: {'line': b'-- Using all available rosidl_typesupport_cpp: rosidl_typesupport_fastrtps_cpp;rosidl_typesupport_introspection_cpp\n'}
[0.247127] (hello) StdoutLine: {'line': b'-- Found rmw_implementation_cmake: 6.1.2 (/opt/ros/humble/share/rmw_implementation_cmake/cmake)\n'}
[0.249866] (hello) StdoutLine: {'line': b'-- Found rmw_fastrtps_cpp: 6.2.7 (/opt/ros/humble/share/rmw_fastrtps_cpp/cmake)\n'}
[0.300114] (-) TimerEvent: {}
[0.338611] (hello) StdoutLine: {'line': b"-- Using RMW implementation 'rmw_fastrtps_cpp' as default\n"}
[0.369457] (hello) StdoutLine: {'line': b'-- Found visualization_msgs: 4.2.4 (/opt/ros/humble/share/visualization_msgs/cmake)\n'}
[0.400231] (-) TimerEvent: {}
[0.400532] (hello) StdoutLine: {'line': b'-- Found eufs_msgs: 2.0.0 (/home/rohit/install/eufs_msgs/share/eufs_msgs/cmake)\n'}
[0.425010] (hello) StdoutLine: {'line': b'-- Found tf2: 0.25.12 (/opt/ros/humble/share/tf2/cmake)\n'}
[0.427644] (hello) StdoutLine: {'line': b'-- Found tf2_geometry_msgs: 0.25.12 (/opt/ros/humble/share/tf2_geometry_msgs/cmake)\n'}
[0.429663] (hello) StdoutLine: {'line': b'-- Found eigen3_cmake_module: 0.1.1 (/opt/ros/humble/share/eigen3_cmake_module/cmake)\n'}
[0.430574] (hello) StdoutLine: {'line': b'-- Ensuring Eigen3 include directory is part of orocos-kdl CMake target\n'}
[0.500374] (-) TimerEvent: {}
[0.514806] (hello) StdoutLine: {'line': b'-- Found ament_lint_auto: 0.12.11 (/opt/ros/humble/share/ament_lint_auto/cmake)\n'}
[0.562603] (hello) StderrLine: {'line': b"Error parsing '/home/rohit/slam2/src/hello/package.xml':\n"}
[0.599096] (hello) StderrLine: {'line': b'Traceback (most recent call last):\n'}
[0.599222] (hello) StderrLine: {'line': b'  File "/opt/ros/humble/share/ament_cmake_core/cmake/core/package_xml_2_cmake.py", line 150, in <module>\n'}
[0.599315] (hello) StderrLine: {'line': b'    main()\n'}
[0.599379] (hello) StderrLine: {'line': b'  File "/opt/ros/humble/share/ament_cmake_core/cmake/core/package_xml_2_cmake.py", line 53, in main\n'}
[0.599411] (hello) StderrLine: {'line': b'    raise e\n'}
[0.599440] (hello) StderrLine: {'line': b'  File "/opt/ros/humble/share/ament_cmake_core/cmake/core/package_xml_2_cmake.py", line 49, in main\n'}
[0.599465] (hello) StderrLine: {'line': b'    package = parse_package_string(\n'}
[0.599491] (hello) StderrLine: {'line': b'  File "/usr/lib/python3/dist-packages/catkin_pkg/package.py", line 786, in parse_package_string\n'}
[0.599517] (hello) StderrLine: {'line': b"    raise InvalidPackage('Error(s):%s' % (''.join(['\\n- %s' % e for e in errors])), filename)\n"}
[0.599549] (hello) StderrLine: {'line': b"catkin_pkg.package.InvalidPackage: Error(s) in package '/home/rohit/slam2/src/hello/package.xml':\n"}
[0.599574] (hello) StderrLine: {'line': b'Error(s):\n'}
[0.599601] (hello) StderrLine: {'line': b"- The generic dependency on 'std_msgs' is redundant with: build_depend, build_export_depend, exec_depend\n"}
[0.600430] (-) TimerEvent: {}
[0.607943] (hello) StderrLine: {'line': b'\x1b[31mCMake Error at /opt/ros/humble/share/ament_cmake_core/cmake/core/ament_package_xml.cmake:95 (message):\n'}
[0.608114] (hello) StderrLine: {'line': b'  execute_process(/usr/bin/python3\n'}
[0.608185] (hello) StderrLine: {'line': b'  /opt/ros/humble/share/ament_cmake_core/cmake/core/package_xml_2_cmake.py\n'}
[0.608259] (hello) StderrLine: {'line': b'  /home/rohit/slam2/src/hello/package.xml\n'}
[0.608322] (hello) StderrLine: {'line': b'  /home/rohit/slam2/build/hello/ament_cmake_core/package.cmake) returned\n'}
[0.608447] (hello) StderrLine: {'line': b'  error code 1\n'}
[0.608485] (hello) StderrLine: {'line': b'Call Stack (most recent call first):\n'}
[0.608513] (hello) StderrLine: {'line': b'  /opt/ros/humble/share/ament_cmake_core/cmake/core/ament_package_xml.cmake:49 (_ament_package_xml)\n'}
[0.608540] (hello) StderrLine: {'line': b'  /opt/ros/humble/share/ament_lint_auto/cmake/ament_lint_auto_find_test_dependencies.cmake:31 (ament_package_xml)\n'}
[0.608577] (hello) StderrLine: {'line': b'  CMakeLists.txt:98 (ament_lint_auto_find_test_dependencies)\n'}
[0.608602] (hello) StderrLine: {'line': b'\n'}
[0.608629] (hello) StderrLine: {'line': b'\x1b[0m\n'}
[0.608655] (hello) StdoutLine: {'line': b'-- Configuring incomplete, errors occurred!\n'}
[0.608688] (hello) StdoutLine: {'line': b'See also "/home/rohit/slam2/build/hello/CMakeFiles/CMakeOutput.log".\n'}
[0.614608] (hello) StderrLine: {'line': b'gmake: *** [Makefile:513: cmake_check_build_system] Error 1\n'}
[0.616121] (hello) CommandEnded: {'returncode': 2}
[0.616558] (hello) JobEnded: {'identifier': 'hello', 'rc': 2}
[0.626606] (-) EventReactorShutdown: {}
