[0.014s] Invoking command in '/home/rohit/slam2/build/hello': CMAKE_PREFIX_PATH=${CMAKE_PREFIX_PATH}:/home/rohit/iitb-racecar/install/racecar:/home/rohit/iitb-racecar/install/point_mass_pkg:/home/rohit/iitb-racecar/install/odom_cmd_pkg:/home/rohit/iitb-racecar/install/dynamic_bicycle_pkg:/home/rohit/ros2_ws/install/launch_testing_examples:/home/rohit/ros2_ws/install/examples_rclpy_pointcloud_publisher:/home/rohit/ros2_ws/install/examples_rclpy_minimal_subscriber:/home/rohit/ros2_ws/install/examples_rclpy_minimal_service:/home/rohit/ros2_ws/install/examples_rclpy_minimal_publisher:/home/rohit/ros2_ws/install/examples_rclpy_minimal_client:/home/rohit/ros2_ws/install/examples_rclpy_minimal_action_server:/home/rohit/ros2_ws/install/examples_rclpy_minimal_action_client:/home/rohit/ros2_ws/install/examples_rclpy_guard_conditions:/home/rohit/ros2_ws/install/examples_rclpy_executors:/home/rohit/install/py_pubsub:/home/rohit/install/package1:/home/rohit/install/pack1:/home/rohit/install/my_package:/home/rohit/install/launch_testing_examples:/home/rohit/install/examples_rclpy_pointcloud_publisher:/home/rohit/install/examples_rclpy_minimal_subscriber:/home/rohit/install/examples_rclpy_minimal_service:/home/rohit/install/examples_rclpy_minimal_publisher:/home/rohit/install/examples_rclpy_minimal_client:/home/rohit/install/examples_rclpy_minimal_action_server:/home/rohit/install/examples_rclpy_minimal_action_client:/home/rohit/install/examples_rclpy_guard_conditions:/home/rohit/install/examples_rclpy_executors:/home/rohit/install/eufs_launcher:/home/rohit/install/eufs_tracks:/home/rohit/install/eufs_rqt:/home/rohit/install/eufs_racecar:/home/rohit/module2.1/install/service_package:/home/rohit/module2.1/install/my_client_pkg:/home/rohit/2dof/install/pos:/home/rohit/assigndirectory/install/pack1:/home/rohit/mynode/install/package1:/opt/ros/humble /usr/bin/cmake --build /home/rohit/slam2/build/hello -- -j20 -l20
[0.049s] -- Found ament_cmake: 1.3.11 (/opt/ros/humble/share/ament_cmake/cmake)
[0.175s] -- Override CMake install command with custom implementation using symlinks instead of copying resources
[0.183s] -- Found rclcpp: 16.0.11 (/opt/ros/humble/share/rclcpp/cmake)
[0.210s] -- Found rosidl_generator_c: 3.1.6 (/opt/ros/humble/share/rosidl_generator_c/cmake)
[0.212s] -- Found rosidl_adapter: 3.1.6 (/opt/ros/humble/share/rosidl_adapter/cmake)
[0.216s] -- Found rosidl_generator_cpp: 3.1.6 (/opt/ros/humble/share/rosidl_generator_cpp/cmake)
[0.226s] -- Using all available rosidl_typesupport_c: rosidl_typesupport_fastrtps_c;rosidl_typesupport_introspection_c
[0.237s] -- Using all available rosidl_typesupport_cpp: rosidl_typesupport_fastrtps_cpp;rosidl_typesupport_introspection_cpp
[0.264s] -- Found rmw_implementation_cmake: 6.1.2 (/opt/ros/humble/share/rmw_implementation_cmake/cmake)
[0.267s] -- Found rmw_fastrtps_cpp: 6.2.7 (/opt/ros/humble/share/rmw_fastrtps_cpp/cmake)
[0.369s] -- Using RMW implementation 'rmw_fastrtps_cpp' as default
[0.407s] -- Found visualization_msgs: 4.2.4 (/opt/ros/humble/share/visualization_msgs/cmake)
[0.445s] -- Found eufs_msgs: 2.0.0 (/home/rohit/install/eufs_msgs/share/eufs_msgs/cmake)
[0.475s] -- Found tf2: 0.25.12 (/opt/ros/humble/share/tf2/cmake)
[0.478s] -- Found tf2_geometry_msgs: 0.25.12 (/opt/ros/humble/share/tf2_geometry_msgs/cmake)
[0.480s] -- Found eigen3_cmake_module: 0.1.1 (/opt/ros/humble/share/eigen3_cmake_module/cmake)
[0.481s] -- Ensuring Eigen3 include directory is part of orocos-kdl CMake target
[0.586s] -- Found ament_lint_auto: 0.12.11 (/opt/ros/humble/share/ament_lint_auto/cmake)
[0.647s] -- Added test 'cppcheck' to perform static code analysis on C / C++ code
[0.647s] -- Configured cppcheck include dirs: 
[0.647s] -- Configured cppcheck exclude dirs and/or files: 
[0.647s] -- Added test 'lint_cmake' to check CMake code style
[0.648s] -- Added test 'uncrustify' to check C / C++ code style
[0.648s] -- Configured uncrustify additional arguments: 
[0.648s] -- Added test 'xmllint' to check XML markup files
[0.649s] -- Configuring done
[0.721s] -- Generating done
[0.731s] -- Build files have been written to: /home/rohit/slam2/build/hello
[0.758s] [35m[1mConsolidate compiler generated dependencies of target actual[0m
[0.758s] [35m[1mConsolidate compiler generated dependencies of target v[0m
[0.758s] [35m[1mConsolidate compiler generated dependencies of target node[0m
[0.758s] [35m[1mConsolidate compiler generated dependencies of target node1[0m
[0.759s] [35m[1mConsolidate compiler generated dependencies of target calculation[0m
[0.759s] [35m[1mConsolidate compiler generated dependencies of target node2[0m
[0.759s] [35m[1mConsolidate compiler generated dependencies of target ground_truth[0m
[0.767s] [  6%] [32mBuilding CXX object CMakeFiles/ekf.dir/src/ekf.cpp.o[0m
[0.775s] [ 18%] Built target node
[0.777s] [ 31%] Built target actual
[0.777s] [ 56%] Built target node2
[0.777s] [ 56%] Built target v
[0.788s] [ 68%] Built target node1
[0.788s] [ 81%] Built target calculation
[0.790s] [ 93%] Built target ground_truth
[2.200s] [01m[K/home/rohit/slam2/src/hello/src/ekf.cpp:24:57:[m[K [01;31m[Kerror: [m[Kâ€˜[01m[KSharedPtr[m[Kâ€™ in â€˜[01m[Kclass rclcpp::SerializedMessage[m[Kâ€™ does not name a type
[2.200s]    24 |     void pose_callback(const rclcpp::SerializedMessage::[01;31m[KSharedPtr[m[K msg) {
[2.200s]       |                                                         [01;31m[K^~~~~~~~~[m[K
[2.201s] [01m[K/home/rohit/slam2/src/hello/src/ekf.cpp:[m[K In constructor â€˜[01m[KPose2DSubscriber::Pose2DSubscriber()[m[Kâ€™:
[2.201s] [01m[K/home/rohit/slam2/src/hello/src/ekf.cpp:9:65:[m[K [01;31m[Kerror: [m[Kâ€˜[01m[KSharedPtr[m[Kâ€™ in â€˜[01m[Kclass rclcpp::SerializedMessage[m[Kâ€™ does not name a type
[2.201s]     9 |         auto callback = [this](const rclcpp::SerializedMessage::[01;31m[KSharedPtr[m[K msg) {
[2.201s]       |                                                                 [01;31m[K^~~~~~~~~[m[K
[2.201s] [01m[K/home/rohit/slam2/src/hello/src/ekf.cpp:11:10:[m[K [01;31m[Kerror: [m[Kexpected â€˜[01m[K)[m[Kâ€™ before â€˜[01m[K;[m[Kâ€™ token
[2.201s]    11 |         }[01;31m[K;[m[K
[2.201s]       |          [01;31m[K^[m[K
[2.201s] [01m[K/home/rohit/slam2/src/hello/src/ekf.cpp:9:31:[m[K [01;36m[Knote: [m[Kto match this â€˜[01m[K([m[Kâ€™
[2.201s]     9 |         auto callback = [this][01;36m[K([m[Kconst rclcpp::SerializedMessage::SharedPtr msg) {
[2.201s]       |                               [01;36m[K^[m[K
[2.201s] [01m[K/home/rohit/slam2/src/hello/src/ekf.cpp:[m[K In lambda function:
[2.201s] [01m[K/home/rohit/slam2/src/hello/src/ekf.cpp:11:10:[m[K [01;31m[Kerror: [m[Kexpected â€˜[01m[K{[m[Kâ€™ before â€˜[01m[K;[m[Kâ€™ token
[2.201s]    11 |         }[01;31m[K;[m[K
[2.201s]       |          [01;31m[K^[m[K
[2.201s] [01m[K/home/rohit/slam2/src/hello/src/ekf.cpp:[m[K In constructor â€˜[01m[KPose2DSubscriber::Pose2DSubscriber()[m[Kâ€™:
[2.201s] [01m[K/home/rohit/slam2/src/hello/src/ekf.cpp:13:58:[m[K [01;31m[Kerror: [m[Kno matching function for call to â€˜[01m[KPose2DSubscriber::create_generic_subscription(const char [15], const char [25], rclcpp::QoS, Pose2DSubscriber::Pose2DSubscriber()::<lambda(int)>&)[m[Kâ€™
[2.201s]    13 |         subscription_ = [01;31m[Kthis->create_generic_subscription([m[K
[2.201s]       |                         [01;31m[K~~~~~~~~~~~~~~~~~~~~~~~~~~~~~~~~~^[m[K
[2.201s]    14 | [01;31m[K            "/robot_pose_2d",[m[K
[2.201s]       |             [01;31m[K~~~~~~~~~~~~~~~~~[m[K                             
[2.201s]    15 | [01;31m[K            "geometry_msgs/msg/Pose2D",  // ROS 2 type name[m[K
[2.201s]       |             [01;31m[K~~~~~~~~~~~~~~~~~~~~~~~~~~~~~~~~~~~~~~~~~~~~~~~[m[K
[2.201s]    16 | [01;31m[K            rclcpp::QoS(10),[m[K
[2.201s]       |             [01;31m[K~~~~~~~~~~~~~~~~[m[K                              
[2.201s]    17 | [01;31m[K            callback[m[K
[2.201s]       |             [01;31m[K~~~~~~~~[m[K                                      
[2.202s]    18 | [01;31m[K        )[m[K;
[2.202s]       |         [01;31m[K~[m[K                                                 
[2.210s] In file included from [01m[K/opt/ros/humble/include/rclcpp/rclcpp/executors/single_threaded_executor.hpp:28[m[K,
[2.210s]                  from [01m[K/opt/ros/humble/include/rclcpp/rclcpp/executors.hpp:22[m[K,
[2.210s]                  from [01m[K/opt/ros/humble/include/rclcpp/rclcpp/rclcpp.hpp:155[m[K,
[2.210s]                  from [01m[K/home/rohit/slam2/src/hello/src/ekf.cpp:1[m[K:
[2.210s] [01m[K/opt/ros/humble/include/rclcpp/rclcpp/node.hpp:312:48:[m[K [01;36m[Knote: [m[Kcandidate: â€˜[01m[Ktemplate<class AllocatorT> std::shared_ptr<rclcpp::GenericSubscription> rclcpp::Node::create_generic_subscription(const string&, const string&, const rclcpp::QoS&, std::function<void(std::shared_ptr<rclcpp::SerializedMessage>)>, const rclcpp::SubscriptionOptionsWithAllocator<AllocatorT>&)[m[Kâ€™
[2.210s]   312 |   std::shared_ptr<rclcpp::GenericSubscription> [01;36m[Kcreate_generic_subscription[m[K(
[2.210s]       |                                                [01;36m[K^~~~~~~~~~~~~~~~~~~~~~~~~~~[m[K
[2.210s] [01m[K/opt/ros/humble/include/rclcpp/rclcpp/node.hpp:312:48:[m[K [01;36m[Knote: [m[K  template argument deduction/substitution failed:
[2.210s] [01m[K/home/rohit/slam2/src/hello/src/ekf.cpp:17:13:[m[K [01;36m[Knote: [m[K  cannot convert â€˜[01m[Kcallback[m[Kâ€™ (type â€˜[01m[KPose2DSubscriber::Pose2DSubscriber()::<lambda(int)>[m[Kâ€™) to type â€˜[01m[Kstd::function<void(std::shared_ptr<rclcpp::SerializedMessage>)>[m[Kâ€™
[2.210s]    17 |             [01;36m[Kcallback[m[K
[2.210s]       |             [01;36m[K^~~~~~~~[m[K
[2.211s] [01m[K/home/rohit/slam2/src/hello/src/ekf.cpp:[m[K In member function â€˜[01m[Kvoid Pose2DSubscriber::pose_callback(int)[m[Kâ€™:
[2.211s] [01m[K/home/rohit/slam2/src/hello/src/ekf.cpp:27:16:[m[K [01;31m[Kerror: [m[Kbase operand of â€˜[01m[K->[m[Kâ€™ is not a pointer
[2.211s]    27 |         if (msg[01;31m[K->[m[Ksize() < 24) {  // 3 doubles = 24 bytes
[2.211s]       |                [01;31m[K^~[m[K
[2.211s] [01m[K/home/rohit/slam2/src/hello/src/ekf.cpp:32:34:[m[K [01;31m[Kerror: [m[Kbase operand of â€˜[01m[K->[m[Kâ€™ is not a pointer
[2.211s]    32 |         const uint8_t* data = msg[01;31m[K->[m[Kget_rcl_serialized_message().buffer;
[2.211s]       |                                  [01;31m[K^~[m[K
[2.490s] gmake[2]: *** [CMakeFiles/ekf.dir/build.make:76: CMakeFiles/ekf.dir/src/ekf.cpp.o] Error 1
[2.491s] gmake[1]: *** [CMakeFiles/Makefile2:255: CMakeFiles/ekf.dir/all] Error 2
[2.491s] gmake: *** [Makefile:146: all] Error 2
[2.493s] Invoked command in '/home/rohit/slam2/build/hello' returned '2': CMAKE_PREFIX_PATH=${CMAKE_PREFIX_PATH}:/home/rohit/iitb-racecar/install/racecar:/home/rohit/iitb-racecar/install/point_mass_pkg:/home/rohit/iitb-racecar/install/odom_cmd_pkg:/home/rohit/iitb-racecar/install/dynamic_bicycle_pkg:/home/rohit/ros2_ws/install/launch_testing_examples:/home/rohit/ros2_ws/install/examples_rclpy_pointcloud_publisher:/home/rohit/ros2_ws/install/examples_rclpy_minimal_subscriber:/home/rohit/ros2_ws/install/examples_rclpy_minimal_service:/home/rohit/ros2_ws/install/examples_rclpy_minimal_publisher:/home/rohit/ros2_ws/install/examples_rclpy_minimal_client:/home/rohit/ros2_ws/install/examples_rclpy_minimal_action_server:/home/rohit/ros2_ws/install/examples_rclpy_minimal_action_client:/home/rohit/ros2_ws/install/examples_rclpy_guard_conditions:/home/rohit/ros2_ws/install/examples_rclpy_executors:/home/rohit/install/py_pubsub:/home/rohit/install/package1:/home/rohit/install/pack1:/home/rohit/install/my_package:/home/rohit/install/launch_testing_examples:/home/rohit/install/examples_rclpy_pointcloud_publisher:/home/rohit/install/examples_rclpy_minimal_subscriber:/home/rohit/install/examples_rclpy_minimal_service:/home/rohit/install/examples_rclpy_minimal_publisher:/home/rohit/install/examples_rclpy_minimal_client:/home/rohit/install/examples_rclpy_minimal_action_server:/home/rohit/install/examples_rclpy_minimal_action_client:/home/rohit/install/examples_rclpy_guard_conditions:/home/rohit/install/examples_rclpy_executors:/home/rohit/install/eufs_launcher:/home/rohit/install/eufs_tracks:/home/rohit/install/eufs_rqt:/home/rohit/install/eufs_racecar:/home/rohit/module2.1/install/service_package:/home/rohit/module2.1/install/my_client_pkg:/home/rohit/2dof/install/pos:/home/rohit/assigndirectory/install/pack1:/home/rohit/mynode/install/package1:/opt/ros/humble /usr/bin/cmake --build /home/rohit/slam2/build/hello -- -j20 -l20
