[01m[K/home/rohit/slam2/src/hello/src/ekf.cpp:[m[K In member function â€˜[01m[Kvoid GlobalRacetrackMapper::publishMarker()[m[Kâ€™:
[01m[K/home/rohit/slam2/src/hello/src/ekf.cpp:108:9:[m[K [01;31m[Kerror: [m[Kâ€˜[01m[Ktf2[m[Kâ€™ has not been declared
  108 |         [01;31m[Ktf2[m[K::Quaternion q;
      |         [01;31m[K^~~[m[K
[01m[K/home/rohit/slam2/src/hello/src/ekf.cpp:109:9:[m[K [01;31m[Kerror: [m[Kâ€˜[01m[Kq[m[Kâ€™ was not declared in this scope
  109 |         [01;31m[Kq[m[K.setRPY(0, 0, x_hat_(2));
      |         [01;31m[K^[m[K
[01m[K/home/rohit/slam2/src/hello/src/ekf.cpp:110:30:[m[K [01;31m[Kerror: [m[Kâ€˜[01m[Ktf2[m[Kâ€™ has not been declared
  110 |         m.pose.orientation = [01;31m[Ktf2[m[K::toMsg(q);
      |                              [01;31m[K^~~[m[K
gmake[2]: *** [CMakeFiles/ekf.dir/build.make:76: CMakeFiles/ekf.dir/src/ekf.cpp.o] Error 1
gmake[1]: *** [CMakeFiles/Makefile2:255: CMakeFiles/ekf.dir/all] Error 2
gmake: *** [Makefile:146: all] Error 2
