[01m[K/home/rohit/slam2/src/hello/src/ekf.cpp:160:5:[m[K [01;31m[Kerror: [m[Kâ€˜[01m[KVec3[m[Kâ€™ does not name a type
  160 |     [01;31m[KVec3[m[K x_hat_;
      |     [01;31m[K^~~~[m[K
[01m[K/home/rohit/slam2/src/hello/src/ekf.cpp:161:5:[m[K [01;31m[Kerror: [m[Kâ€˜[01m[KMat3[m[Kâ€™ does not name a type
  161 |     [01;31m[KMat3[m[K P_, Q_;
      |     [01;31m[K^~~~[m[K
[01m[K/home/rohit/slam2/src/hello/src/ekf.cpp:169:10:[m[K [01;31m[Kerror: [m[Kredeclaration of â€˜[01m[Kbool GlobalRacetrackMapper::pose_received_[m[Kâ€™
  169 |     bool [01;31m[Kpose_received_[m[K;
      |          [01;31m[K^~~~~~~~~~~~~~[m[K
[01m[K/home/rohit/slam2/src/hello/src/ekf.cpp:163:10:[m[K [01;36m[Knote: [m[Kprevious declaration â€˜[01m[Kbool GlobalRacetrackMapper::pose_received_[m[Kâ€™
  163 |     bool [01;36m[Kpose_received_[m[K{false};
      |          [01;36m[K^~~~~~~~~~~~~~[m[K
[01m[K/home/rohit/slam2/src/hello/src/ekf.cpp:[m[K In constructor â€˜[01m[KGlobalRacetrackMapper::GlobalRacetrackMapper()[m[Kâ€™:
[01m[K/home/rohit/slam2/src/hello/src/ekf.cpp:26:9:[m[K [01;31m[Kerror: [m[Kâ€˜[01m[Kx_hat_[m[Kâ€™ was not declared in this scope
   26 |         [01;31m[Kx_hat_[m[K.setZero();             // [x, y, Î¸]
      |         [01;31m[K^~~~~~[m[K
[01m[K/home/rohit/slam2/src/hello/src/ekf.cpp:27:9:[m[K [01;31m[Kerror: [m[Kâ€˜[01m[KP_[m[Kâ€™ was not declared in this scope; did you mean â€˜[01m[KR_[m[Kâ€™?
   27 |         [01;31m[KP_[m[K = Mat3::Identity() * 1e2;  // initial large uncertainty
      |         [01;31m[K^~[m[K
      |         [32m[KR_[m[K
[01m[K/home/rohit/slam2/src/hello/src/ekf.cpp:27:14:[m[K [01;31m[Kerror: [m[Kâ€˜[01m[KMat3[m[Kâ€™ has not been declared
   27 |         P_ = [01;31m[KMat3[m[K::Identity() * 1e2;  // initial large uncertainty
      |              [01;31m[K^~~~[m[K
[01m[K/home/rohit/slam2/src/hello/src/ekf.cpp:28:9:[m[K [01;31m[Kerror: [m[Kâ€˜[01m[KQ_[m[Kâ€™ was not declared in this scope; did you mean â€˜[01m[KR_[m[Kâ€™?
   28 |         [01;31m[KQ_[m[K = Mat3::Identity() * 1e-3; // small process noise
      |         [01;31m[K^~[m[K
      |         [32m[KR_[m[K
[01m[K/home/rohit/slam2/src/hello/src/ekf.cpp:28:14:[m[K [01;31m[Kerror: [m[Kâ€˜[01m[KMat3[m[Kâ€™ has not been declared
   28 |         Q_ = [01;31m[KMat3[m[K::Identity() * 1e-3; // small process noise
      |              [01;31m[K^~~~[m[K
[01m[K/home/rohit/slam2/src/hello/src/ekf.cpp:[m[K In member function â€˜[01m[Kvoid GlobalRacetrackMapper::onPose(geometry_msgs::msg::Pose2D_<std::allocator<void> >::SharedPtr)[m[Kâ€™:
[01m[K/home/rohit/slam2/src/hello/src/ekf.cpp:44:9:[m[K [01;31m[Kerror: [m[Kâ€˜[01m[KVec3[m[Kâ€™ was not declared in this scope
   44 |         [01;31m[KVec3[m[K z(m->x, m->y, m->theta); // input from /robot_pose_2d
      |         [01;31m[K^~~~[m[K
[01m[K/home/rohit/slam2/src/hello/src/ekf.cpp:45:9:[m[K [01;31m[Kerror: [m[Kâ€˜[01m[Kx_hat_[m[Kâ€™ was not declared in this scope
   45 |         [01;31m[Kx_hat_[m[K = z;                   // linear model F=I
      |         [01;31m[K^~~~~~[m[K
[01m[K/home/rohit/slam2/src/hello/src/ekf.cpp:45:18:[m[K [01;31m[Kerror: [m[Kâ€˜[01m[Kz[m[Kâ€™ was not declared in this scope
   45 |         x_hat_ = [01;31m[Kz[m[K;                   // linear model F=I
      |                  [01;31m[K^[m[K
[01m[K/home/rohit/slam2/src/hello/src/ekf.cpp:46:9:[m[K [01;31m[Kerror: [m[Kâ€˜[01m[KP_[m[Kâ€™ was not declared in this scope; did you mean â€˜[01m[KR_[m[Kâ€™?
   46 |         [01;31m[KP_[m[K += Q_;                     // P = P + Q
      |         [01;31m[K^~[m[K
      |         [32m[KR_[m[K
[01m[K/home/rohit/slam2/src/hello/src/ekf.cpp:46:15:[m[K [01;31m[Kerror: [m[Kâ€˜[01m[KQ_[m[Kâ€™ was not declared in this scope; did you mean â€˜[01m[KR_[m[Kâ€™?
   46 |         P_ += [01;31m[KQ_[m[K;                     // P = P + Q
      |               [01;31m[K^~[m[K
      |               [32m[KR_[m[K
[01m[K/home/rohit/slam2/src/hello/src/ekf.cpp:48:9:[m[K [01;31m[Kerror: [m[Kâ€˜[01m[KpublishMarker[m[Kâ€™ was not declared in this scope
   48 |         [01;31m[KpublishMarker[m[K(); // visualize predicted marker
      |         [01;31m[K^~~~~~~~~~~~~[m[K
[01m[K/home/rohit/slam2/src/hello/src/ekf.cpp:41:61:[m[K [01;35m[Kwarning: [m[Kunused parameter â€˜[01m[Km[m[Kâ€™ [[01;35m[K]8;;https://gcc.gnu.org/onlinedocs/gcc/Warning-Options.html#index-Wunused-parameter-Wunused-parameter]8;;[m[K]
   41 |     void onPose([01;35m[Kconst geometry_msgs::msg::Pose2D::SharedPtr m[m[K)
      |                 [01;35m[K~~~~~~~~~~~~~~~~~~~~~~~~~~~~~~~~~~~~~~~~~~~~^[m[K
gmake[2]: *** [CMakeFiles/ekf.dir/build.make:76: CMakeFiles/ekf.dir/src/ekf.cpp.o] Error 1
gmake[1]: *** [CMakeFiles/Makefile2:255: CMakeFiles/ekf.dir/all] Error 2
gmake: *** [Makefile:146: all] Error 2
