[35m[1mConsolidate compiler generated dependencies of target ekf[0m
[ 12%] Built target node1
[ 25%] Built target actual
[ 37%] Built target v
[ 50%] Built target calculation
[ 62%] Built target ground_truth
[ 75%] Built target node2
[ 87%] Built target node
[ 93%] [32mBuilding CXX object CMakeFiles/ekf.dir/src/ekf.cpp.o[0m
[01m[K/home/rohit/slam2/src/hello/src/ekf.cpp:172:10:[m[K [01;31m[Kerror: [m[Kredeclaration of â€˜[01m[Kbool GlobalRacetrackMapper::pose_received_[m[Kâ€™
  172 |     bool [01;31m[Kpose_received_[m[K;
      |          [01;31m[K^~~~~~~~~~~~~~[m[K
[01m[K/home/rohit/slam2/src/hello/src/ekf.cpp:166:10:[m[K [01;36m[Knote: [m[Kprevious declaration â€˜[01m[Kbool GlobalRacetrackMapper::pose_received_[m[Kâ€™
  166 |     bool [01;36m[Kpose_received_[m[K; // <-- DELETE this lin
      |          [01;36m[K^~~~~~~~~~~~~~[m[K
gmake[2]: *** [CMakeFiles/ekf.dir/build.make:76: CMakeFiles/ekf.dir/src/ekf.cpp.o] Error 1
gmake[1]: *** [CMakeFiles/Makefile2:255: CMakeFiles/ekf.dir/all] Error 2
gmake: *** [Makefile:146: all] Error 2
