[0.013s] Invoking command in '/home/rohit/slam2/build/hello': CMAKE_PREFIX_PATH=${CMAKE_PREFIX_PATH}:/home/rohit/iitb-racecar/install/racecar:/home/rohit/iitb-racecar/install/point_mass_pkg:/home/rohit/iitb-racecar/install/odom_cmd_pkg:/home/rohit/iitb-racecar/install/dynamic_bicycle_pkg:/home/rohit/ros2_ws/install/launch_testing_examples:/home/rohit/ros2_ws/install/examples_rclpy_pointcloud_publisher:/home/rohit/ros2_ws/install/examples_rclpy_minimal_subscriber:/home/rohit/ros2_ws/install/examples_rclpy_minimal_service:/home/rohit/ros2_ws/install/examples_rclpy_minimal_publisher:/home/rohit/ros2_ws/install/examples_rclpy_minimal_client:/home/rohit/ros2_ws/install/examples_rclpy_minimal_action_server:/home/rohit/ros2_ws/install/examples_rclpy_minimal_action_client:/home/rohit/ros2_ws/install/examples_rclpy_guard_conditions:/home/rohit/ros2_ws/install/examples_rclpy_executors:/home/rohit/install/py_pubsub:/home/rohit/install/package1:/home/rohit/install/pack1:/home/rohit/install/my_package:/home/rohit/install/launch_testing_examples:/home/rohit/install/examples_rclpy_pointcloud_publisher:/home/rohit/install/examples_rclpy_minimal_subscriber:/home/rohit/install/examples_rclpy_minimal_service:/home/rohit/install/examples_rclpy_minimal_publisher:/home/rohit/install/examples_rclpy_minimal_client:/home/rohit/install/examples_rclpy_minimal_action_server:/home/rohit/install/examples_rclpy_minimal_action_client:/home/rohit/install/examples_rclpy_guard_conditions:/home/rohit/install/examples_rclpy_executors:/home/rohit/install/eufs_launcher:/home/rohit/install/eufs_tracks:/home/rohit/install/eufs_rqt:/home/rohit/install/eufs_racecar:/home/rohit/module2.1/install/service_package:/home/rohit/module2.1/install/my_client_pkg:/home/rohit/2dof/install/pos:/home/rohit/assigndirectory/install/pack1:/home/rohit/mynode/install/package1:/opt/ros/humble /usr/bin/cmake --build /home/rohit/slam2/build/hello -- -j20 -l20
[0.102s] [35m[1mConsolidate compiler generated dependencies of target node1[0m
[0.104s] [35m[1mConsolidate compiler generated dependencies of target node2[0m
[0.118s] [ 14%] Built target v
[0.119s] [ 28%] Built target calculation
[0.120s] [ 42%] Built target actual
[0.121s] [ 50%] [32mBuilding CXX object CMakeFiles/node1.dir/src/node1.cpp.o[0m
[0.121s] [ 64%] Built target ground_truth
[0.122s] [ 78%] Built target node
[0.123s] [ 92%] Built target node2
[1.595s] [01m[K/home/rohit/slam2/src/hello/src/node1.cpp:[m[K In member function â€˜[01m[Kvoid VelocityEstimator::callback(eufs_msgs::msg::WheelSpeedsStamped_<std::allocator<void> >::SharedPtr)[m[Kâ€™:
[1.595s] [01m[K/home/rohit/slam2/src/hello/src/node1.cpp:23:26:[m[K [01;31m[Kerror: [m[Kâ€˜[01m[Kusing element_type = struct eufs_msgs::msg::WheelSpeedsStamped_<std::allocator<void> >[m[Kâ€™ {aka â€˜[01m[Kstruct eufs_msgs::msg::WheelSpeedsStamped_<std::allocator<void> >[m[Kâ€™} has no member named â€˜[01m[Krb_speed[m[Kâ€™
[1.595s]    23 |         double rb = msg->[01;31m[Krb_speed[m[K;
[1.595s]       |                          [01;31m[K^~~~~~~~[m[K
[1.595s] [01m[K/home/rohit/slam2/src/hello/src/node1.cpp:24:26:[m[K [01;31m[Kerror: [m[Kâ€˜[01m[Kusing element_type = struct eufs_msgs::msg::WheelSpeedsStamped_<std::allocator<void> >[m[Kâ€™ {aka â€˜[01m[Kstruct eufs_msgs::msg::WheelSpeedsStamped_<std::allocator<void> >[m[Kâ€™} has no member named â€˜[01m[Klb_speed[m[Kâ€™
[1.595s]    24 |         double lb = msg->[01;31m[Klb_speed[m[K;
[1.595s]       |                          [01;31m[K^~~~~~~~[m[K
[1.595s] [01m[K/home/rohit/slam2/src/hello/src/node1.cpp:29:36:[m[K [01;31m[Kerror: [m[Kâ€˜[01m[Kusing element_type = struct eufs_msgs::msg::WheelSpeedsStamped_<std::allocator<void> >[m[Kâ€™ {aka â€˜[01m[Kstruct eufs_msgs::msg::WheelSpeedsStamped_<std::allocator<void> >[m[Kâ€™} has no member named â€˜[01m[Ksteering[m[Kâ€™
[1.595s]    29 |     double steering_rad = msg->[01;31m[Ksteering[m[K;
[1.595s]       |                                [01;31m[K^~~~~~~~[m[K
[1.595s] 
[3.149s] gmake[2]: *** [CMakeFiles/node1.dir/build.make:76: CMakeFiles/node1.dir/src/node1.cpp.o] Error 1
[3.149s] gmake[1]: *** [CMakeFiles/Makefile2:149: CMakeFiles/node1.dir/all] Error 2
[3.150s] gmake: *** [Makefile:146: all] Error 2
[3.152s] Invoked command in '/home/rohit/slam2/build/hello' returned '2': CMAKE_PREFIX_PATH=${CMAKE_PREFIX_PATH}:/home/rohit/iitb-racecar/install/racecar:/home/rohit/iitb-racecar/install/point_mass_pkg:/home/rohit/iitb-racecar/install/odom_cmd_pkg:/home/rohit/iitb-racecar/install/dynamic_bicycle_pkg:/home/rohit/ros2_ws/install/launch_testing_examples:/home/rohit/ros2_ws/install/examples_rclpy_pointcloud_publisher:/home/rohit/ros2_ws/install/examples_rclpy_minimal_subscriber:/home/rohit/ros2_ws/install/examples_rclpy_minimal_service:/home/rohit/ros2_ws/install/examples_rclpy_minimal_publisher:/home/rohit/ros2_ws/install/examples_rclpy_minimal_client:/home/rohit/ros2_ws/install/examples_rclpy_minimal_action_server:/home/rohit/ros2_ws/install/examples_rclpy_minimal_action_client:/home/rohit/ros2_ws/install/examples_rclpy_guard_conditions:/home/rohit/ros2_ws/install/examples_rclpy_executors:/home/rohit/install/py_pubsub:/home/rohit/install/package1:/home/rohit/install/pack1:/home/rohit/install/my_package:/home/rohit/install/launch_testing_examples:/home/rohit/install/examples_rclpy_pointcloud_publisher:/home/rohit/install/examples_rclpy_minimal_subscriber:/home/rohit/install/examples_rclpy_minimal_service:/home/rohit/install/examples_rclpy_minimal_publisher:/home/rohit/install/examples_rclpy_minimal_client:/home/rohit/install/examples_rclpy_minimal_action_server:/home/rohit/install/examples_rclpy_minimal_action_client:/home/rohit/install/examples_rclpy_guard_conditions:/home/rohit/install/examples_rclpy_executors:/home/rohit/install/eufs_launcher:/home/rohit/install/eufs_tracks:/home/rohit/install/eufs_rqt:/home/rohit/install/eufs_racecar:/home/rohit/module2.1/install/service_package:/home/rohit/module2.1/install/my_client_pkg:/home/rohit/2dof/install/pos:/home/rohit/assigndirectory/install/pack1:/home/rohit/mynode/install/package1:/opt/ros/humble /usr/bin/cmake --build /home/rohit/slam2/build/hello -- -j20 -l20
