[35m[1mConsolidate compiler generated dependencies of target update_ekf[0m
[ 16%] Built target node2
[ 22%] Built target ekf
[ 38%] Built target node1
[ 44%] Built target actual
[ 55%] Built target calculation
[ 66%] Built target node
[ 77%] Built target v
[ 88%] Built target ground_truth
[ 94%] [32mBuilding CXX object CMakeFiles/update_ekf.dir/src/update_ekf.cpp.o[0m
[01m[K/home/rohit/slam2/src/hello/src/update_ekf.cpp:[m[K In constructor â€˜[01m[KEKFLocalizer::EKFLocalizer()[m[Kâ€™:
[01m[K/home/rohit/slam2/src/hello/src/update_ekf.cpp:58:38:[m[K [01;31m[Kerror: [m[Kâ€˜[01m[Klocal_cones_polar_callback[m[Kâ€™ is not a member of â€˜[01m[KEKFLocalizer[m[Kâ€™
   58 |             std::bind(&EKFLocalizer::[01;31m[Klocal_cones_polar_callback[m[K, this, std::placeholders::_1));
      |                                      [01;31m[K^~~~~~~~~~~~~~~~~~~~~~~~~~[m[K
gmake[2]: *** [CMakeFiles/update_ekf.dir/build.make:76: CMakeFiles/update_ekf.dir/src/update_ekf.cpp.o] Error 1
gmake[1]: *** [CMakeFiles/Makefile2:205: CMakeFiles/update_ekf.dir/all] Error 2
gmake: *** [Makefile:146: all] Error 2
