[0.014s] Invoking command in '/home/rohit/slam2/build/hello': CMAKE_PREFIX_PATH=${CMAKE_PREFIX_PATH}:/home/rohit/iitb-racecar/install/racecar:/home/rohit/iitb-racecar/install/point_mass_pkg:/home/rohit/iitb-racecar/install/odom_cmd_pkg:/home/rohit/iitb-racecar/install/dynamic_bicycle_pkg:/home/rohit/ros2_ws/install/launch_testing_examples:/home/rohit/ros2_ws/install/examples_rclpy_pointcloud_publisher:/home/rohit/ros2_ws/install/examples_rclpy_minimal_subscriber:/home/rohit/ros2_ws/install/examples_rclpy_minimal_service:/home/rohit/ros2_ws/install/examples_rclpy_minimal_publisher:/home/rohit/ros2_ws/install/examples_rclpy_minimal_client:/home/rohit/ros2_ws/install/examples_rclpy_minimal_action_server:/home/rohit/ros2_ws/install/examples_rclpy_minimal_action_client:/home/rohit/ros2_ws/install/examples_rclpy_guard_conditions:/home/rohit/ros2_ws/install/examples_rclpy_executors:/home/rohit/install/py_pubsub:/home/rohit/install/package1:/home/rohit/install/pack1:/home/rohit/install/my_package:/home/rohit/install/launch_testing_examples:/home/rohit/install/examples_rclpy_pointcloud_publisher:/home/rohit/install/examples_rclpy_minimal_subscriber:/home/rohit/install/examples_rclpy_minimal_service:/home/rohit/install/examples_rclpy_minimal_publisher:/home/rohit/install/examples_rclpy_minimal_client:/home/rohit/install/examples_rclpy_minimal_action_server:/home/rohit/install/examples_rclpy_minimal_action_client:/home/rohit/install/examples_rclpy_guard_conditions:/home/rohit/install/examples_rclpy_executors:/home/rohit/install/eufs_launcher:/home/rohit/install/eufs_tracks:/home/rohit/install/eufs_rqt:/home/rohit/install/eufs_racecar:/home/rohit/module2.1/install/service_package:/home/rohit/module2.1/install/my_client_pkg:/home/rohit/2dof/install/pos:/home/rohit/assigndirectory/install/pack1:/home/rohit/mynode/install/package1:/opt/ros/humble /usr/bin/cmake --build /home/rohit/slam2/build/hello -- -j20 -l20
[0.075s] [35m[1mConsolidate compiler generated dependencies of target update_ekf[0m
[0.092s] [ 11%] Built target ground_truth
[0.093s] [ 22%] Built target ekf
[0.093s] [ 33%] Built target node1
[0.095s] [ 44%] Built target v
[0.095s] [ 55%] Built target node2
[0.096s] [ 66%] Built target calculation
[0.096s] [ 77%] Built target node
[0.099s] [ 88%] Built target actual
[0.101s] [ 94%] [32mBuilding CXX object CMakeFiles/update_ekf.dir/src/update_ekf.cpp.o[0m
[2.035s] [01m[K/home/rohit/slam2/src/hello/src/update_ekf.cpp:104:25:[m[K [01;31m[Kerror: [m[Kredeclaration of â€˜[01m[Kbool EKFLocalizer::initialized_[m[Kâ€™
[2.035s]   104 |     bool initialized_ = [01;31m[Kfalse[m[K;
[2.035s]       |                         [01;31m[K^~~~~[m[K
[2.035s] [01m[K/home/rohit/slam2/src/hello/src/update_ekf.cpp:97:10:[m[K [01;36m[Knote: [m[Kprevious declaration â€˜[01m[Kbool EKFLocalizer::initialized_[m[Kâ€™
[2.035s]    97 |     bool [01;36m[Kinitialized_[m[K = false;
[2.035s]       |          [01;36m[K^~~~~~~~~~~~[m[K
[2.189s] [01m[K/home/rohit/slam2/src/hello/src/update_ekf.cpp:[m[K In member function â€˜[01m[Kvoid EKFLocalizer::yawRateCallback(std_msgs::msg::Float64_<std::allocator<void> >::SharedPtr)[m[Kâ€™:
[2.189s] [01m[K/home/rohit/slam2/src/hello/src/update_ekf.cpp:147:66:[m[K [01;35m[Kwarning: [m[Kunused parameter â€˜[01m[Kmsg[m[Kâ€™ [[01;35m[K]8;;https://gcc.gnu.org/onlinedocs/gcc/Warning-Options.html#index-Wunused-parameter-Wunused-parameter]8;;[m[K]
[2.189s]   147 |     void yawRateCallback([01;35m[Kconst std_msgs::msg::Float64::SharedPtr msg[m[K)
[2.189s]       |                          [01;35m[K~~~~~~~~~~~~~~~~~~~~~~~~~~~~~~~~~~~~~~~~^~~[m[K
[6.830s] gmake[2]: *** [CMakeFiles/update_ekf.dir/build.make:76: CMakeFiles/update_ekf.dir/src/update_ekf.cpp.o] Error 1
[6.830s] gmake[1]: *** [CMakeFiles/Makefile2:205: CMakeFiles/update_ekf.dir/all] Error 2
[6.830s] gmake: *** [Makefile:146: all] Error 2
[6.834s] Invoked command in '/home/rohit/slam2/build/hello' returned '2': CMAKE_PREFIX_PATH=${CMAKE_PREFIX_PATH}:/home/rohit/iitb-racecar/install/racecar:/home/rohit/iitb-racecar/install/point_mass_pkg:/home/rohit/iitb-racecar/install/odom_cmd_pkg:/home/rohit/iitb-racecar/install/dynamic_bicycle_pkg:/home/rohit/ros2_ws/install/launch_testing_examples:/home/rohit/ros2_ws/install/examples_rclpy_pointcloud_publisher:/home/rohit/ros2_ws/install/examples_rclpy_minimal_subscriber:/home/rohit/ros2_ws/install/examples_rclpy_minimal_service:/home/rohit/ros2_ws/install/examples_rclpy_minimal_publisher:/home/rohit/ros2_ws/install/examples_rclpy_minimal_client:/home/rohit/ros2_ws/install/examples_rclpy_minimal_action_server:/home/rohit/ros2_ws/install/examples_rclpy_minimal_action_client:/home/rohit/ros2_ws/install/examples_rclpy_guard_conditions:/home/rohit/ros2_ws/install/examples_rclpy_executors:/home/rohit/install/py_pubsub:/home/rohit/install/package1:/home/rohit/install/pack1:/home/rohit/install/my_package:/home/rohit/install/launch_testing_examples:/home/rohit/install/examples_rclpy_pointcloud_publisher:/home/rohit/install/examples_rclpy_minimal_subscriber:/home/rohit/install/examples_rclpy_minimal_service:/home/rohit/install/examples_rclpy_minimal_publisher:/home/rohit/install/examples_rclpy_minimal_client:/home/rohit/install/examples_rclpy_minimal_action_server:/home/rohit/install/examples_rclpy_minimal_action_client:/home/rohit/install/examples_rclpy_guard_conditions:/home/rohit/install/examples_rclpy_executors:/home/rohit/install/eufs_launcher:/home/rohit/install/eufs_tracks:/home/rohit/install/eufs_rqt:/home/rohit/install/eufs_racecar:/home/rohit/module2.1/install/service_package:/home/rohit/module2.1/install/my_client_pkg:/home/rohit/2dof/install/pos:/home/rohit/assigndirectory/install/pack1:/home/rohit/mynode/install/package1:/opt/ros/humble /usr/bin/cmake --build /home/rohit/slam2/build/hello -- -j20 -l20
