[35m[1mConsolidate compiler generated dependencies of target update_ekf[0m
[ 22%] Built target node2
[ 22%] Built target node1
[ 33%] Built target node
[ 44%] Built target v
[ 55%] Built target ekf
[ 66%] Built target actual
[ 77%] Built target calculation
[ 88%] Built target ground_truth
[ 94%] [32mBuilding CXX object CMakeFiles/update_ekf.dir/src/update_ekf.cpp.o[0m
[01m[K/home/rohit/slam2/src/hello/src/update_ekf.cpp:[m[K In member function â€˜[01m[Kvoid EKFLocalizer::conesCallback(visualization_msgs::msg::Marker_<std::allocator<void> >::SharedPtr)[m[Kâ€™:
[01m[K/home/rohit/slam2/src/hello/src/update_ekf.cpp:116:55:[m[K [01;31m[Kerror: [m[Kâ€˜[01m[Kclass rclcpp::Time[m[Kâ€™ has no member named â€˜[01m[Kto_msg[m[Kâ€™
  116 |     marker.header.stamp    = this->get_clock()->now().[01;31m[Kto_msg[m[K();
      |                                                       [01;31m[K^~~~~~[m[K
gmake[2]: *** [CMakeFiles/update_ekf.dir/build.make:76: CMakeFiles/update_ekf.dir/src/update_ekf.cpp.o] Error 1
gmake[1]: *** [CMakeFiles/Makefile2:205: CMakeFiles/update_ekf.dir/all] Error 2
gmake: *** [Makefile:146: all] Error 2
